[94mEnTK session: re.session.login3.pascuzzi.019220.0000
[39m[0m[94mCreating AppManager[39m[0m[94mSetting up RabbitMQ system[39m[0m[92m                                 ok
[39m[0m[92m                                                                              ok
[39m[0m[94mValidating and assigning resource manager[39m[0m[92m                                     ok
[39m[0m[94mSetting up RabbitMQ system[39m[0m[92m                                                   n/a
[39m[0m[94mnew session: [39m[0m[re.session.login3.pascuzzi.019220.0000][39m[0m[94m                          \
database   : [39m[0m[mongodb://rct:****@apps.marble.ccs.ornl.gov:32020/rct_test][39m[0m[92m     ok
[39m[0m[94mcreate pilot manager[39m[0m[92m                                                          ok
[39m[0m[94msubmit 1 pilot(s)[39m[0m
        pilot.0000   ornl.summit             768 cores      96 gpus[39m[0m[92m           ok
[39m[0m[92mAll components created
[39m[0m[94mcreate task manager[39m[0m[92mUpdate: [39m[0m[94mpipeline.0000 state: SCHEDULING
[39m[0m[92mUpdate: [39m[0m[94mpipeline.0000.T0 state: SCHEDULING
[39m[0m[92mUpdate: [39m[0m[94mpipeline.0000.T0.T0.26 state: SCHEDULING
[39m[0m[92mUpdate: [39m[0m[94mpipeline.0000.T0.T0.61 state: SCHEDULING
[39m[0m[92mUpdate: [39m[0m[94mpipeline.0000.T0.T0.27 state: SCHEDULING
[39m[0m[92mUpdate: [39m[0m[94mpipeline.0000.T0.T0.15 state: SCHEDULING
[39m[0m[92mUpdate: [39m[0m[94mpipeline.0000.T0.T0.62 state: SCHEDULING
[39m[0m[92mUpdate: [39m[0m[94mpipeline.0000.T0.T0.80 state: SCHEDULING
[39m[0m[92mUpdate: [39m[0m[94mpipeline.0000.T0.T0.63 state: SCHEDULING
[39m[0m[92mUpdate: [39m[0m[94mpipeline.0000.T0.T0.56 state: SCHEDULING
[39m[0m[92mUpdate: [39m[0m[94mpipeline.0000.T0.T0.28 state: SCHEDULING
[39m[0m[92mUpdate: [39m[0m[94mpipeline.0000.T0.T0.81 state: SCHEDULING
[39m[0m[92mUpdate: [39m[0m[94mpipeline.0000.T0.T0.29 state: SCHEDULING
[39m[0m[92mUpdate: [39m[0m[94mpipeline.0000.T0.T0.82 state: SCHEDULING
[39m[0m[92mUpdate: [39m[0m[94mpipeline.0000.T0.T0.64 state: SCHEDULING
[39m[0m[92mUpdate: [39m[0m[94mpipeline.0000.T0.T0.0 state: SCHEDULING
[39m[0m[92mUpdate: [39m[0m[94mpipeline.0000.T0.T0.65 state: SCHEDULING
[39m[0m[92mUpdate: [39m[0m[94mpipeline.0000.T0.T0.55 state: SCHEDULING
[39m[0m[92mUpdate: [39m[0m[94mpipeline.0000.T0.T0.68 state: SCHEDULING
[39m[0m[92mUpdate: [39m[0m[94mpipeline.0000.T0.T0.79 state: SCHEDULING
[39m[0m[92mUpdate: [39m[0m[94mpipeline.0000.T0.T0.13 state: SCHEDULING
[39m[0m[92mUpdate: [39m[0m[94mpipeline.0000.T0.T0.78 state: SCHEDULING
[39m[0m[92mUpdate: [39m[0m[94mpipeline.0000.T0.T0.83 state: SCHEDULING
[39m[0m[92mUpdate: [39m[0m[94mpipeline.0000.T0.T0.57 state: SCHEDULING
[39m[0m[92mUpdate: [39m[0m[94mpipeline.0000.T0.T0.16 state: SCHEDULING
[39m[0m[92mUpdate: [39m[0m[94mpipeline.0000.T0.T0.30 state: SCHEDULING
[39m[0m[92mUpdate: [39m[0m[94mpipeline.0000.T0.T0.84 state: SCHEDULING
[39m[0m[92mUpdate: [39m[0m[94mpipeline.0000.T0.T0.31 state: SCHEDULING
[39m[0m[92mUpdate: [39m[0m[94mpipeline.0000.T0.T0.60 state: SCHEDULING
[39m[0m[92mUpdate: [39m[0m[94mpipeline.0000.T0.T0.23 state: SCHEDULING
[39m[0m[92mUpdate: [39m[0m[94mpipeline.0000.T0.T0.76 state: SCHEDULING
[39m[0m[92mUpdate: [39m[0m[94mpipeline.0000.T0.T0.85 state: SCHEDULING
[39m[0m[92mUpdate: [39m[0m[94mpipeline.0000.T0.T0.1 state: SCHEDULING
[39m[0m[92mUpdate: [39m[0m[94mpipeline.0000.T0.T0.59 state: SCHEDULING
[39m[0m[92mUpdate: [39m[0m[94mpipeline.0000.T0.T0.45 state: SCHEDULING
[39m[0m[92mUpdate: [39m[0m[94mpipeline.0000.T0.T0.86 state: SCHEDULING
[39m[0m[92mUpdate: [39m[0m[94mpipeline.0000.T0.T0.2 state: SCHEDULING
[39m[0m[92mUpdate: [39m[0m[94mpipeline.0000.T0.T0.66 state: SCHEDULING
[39m[0m[92mUpdate: [39m[0m[94mpipeline.0000.T0.T0.5 state: SCHEDULING
[39m[0m[92mUpdate: [39m[0m[94mpipeline.0000.T0.T0.77 state: SCHEDULING
[39m[0m[92mUpdate: [39m[0m[94mpipeline.0000.T0.T0.32 state: SCHEDULING
[39m[0m[92mUpdate: [39m[0m[94mpipeline.0000.T0.T0.67 state: SCHEDULING
[39m[0m[92mUpdate: [39m[0m[94mpipeline.0000.T0.T0.87 state: SCHEDULING
[39m[0m[92mUpdate: [39m[0m[94mpipeline.0000.T0.T0.33 state: SCHEDULING
[39m[0m[92mUpdate: [39m[0m[94mpipeline.0000.T0.T0.3 state: SCHEDULING
[39m[0m[92mUpdate: [39m[0m[94mpipeline.0000.T0.T0.14 state: SCHEDULING
[39m[0m[92mUpdate: [39m[0m[94mpipeline.0000.T0.T0.24 state: SCHEDULING
[39m[0m[92mUpdate: [39m[0m[94mpipeline.0000.T0.T0.88 state: SCHEDULING
[39m[0m[92mUpdate: [39m[0m[94mpipeline.0000.T0.T0.22 state: SCHEDULING
[39m[0m[92mUpdate: [39m[0m[94mpipeline.0000.T0.T0.37 state: SCHEDULING
[39m[0m[92mUpdate: [39m[0m[94mpipeline.0000.T0.T0.44 state: SCHEDULING
[39m[0m[92mUpdate: [39m[0m[94mpipeline.0000.T0.T0.4 state: SCHEDULING
[39m[0m[92mUpdate: [39m[0m[94mpipeline.0000.T0.T0.46 state: SCHEDULING
[39m[0m[92mUpdate: [39m[0m[94mpipeline.0000.T0.T0.7 state: SCHEDULING
[39m[0m[92mUpdate: [39m[0m[94mpipeline.0000.T0.T0.35 state: SCHEDULING
[39m[0m[92mUpdate: [39m[0m[94mpipeline.0000.T0.T0.47 state: SCHEDULING
[39m[0m[92mUpdate: [39m[0m[94mpipeline.0000.T0.T0.89 state: SCHEDULING
[39m[0m[92mUpdate: [39m[0m[94mpipeline.0000.T0.T0.25 state: SCHEDULING
[39m[0m[92mUpdate: [39m[0m[94mpipeline.0000.T0.T0.6 state: SCHEDULING
[39m[0m[92mUpdate: [39m[0m[94mpipeline.0000.T0.T0.69 state: SCHEDULING
[39m[0m[92mUpdate: [39m[0m[94mpipeline.0000.T0.T0.90 state: SCHEDULING
[39m[0m[92mUpdate: [39m[0m[94mpipeline.0000.T0.T0.34 state: SCHEDULING
[39m[0m[92mUpdate: [39m[0m[94mpipeline.0000.T0.T0.70 state: SCHEDULING
[39m[0m[92mUpdate: [39m[0m[94mpipeline.0000.T0.T0.36 state: SCHEDULING
[39m[0m[92mUpdate: [39m[0m[94mpipeline.0000.T0.T0.49 state: SCHEDULING
[39m[0m[92mUpdate: [39m[0m[94mpipeline.0000.T0.T0.72 state: SCHEDULING
[39m[0m[92mUpdate: [39m[0m[94mpipeline.0000.T0.T0.91 state: SCHEDULING
[39m[0m[92mUpdate: [39m[0m[94mpipeline.0000.T0.T0.48 state: SCHEDULING
[39m[0m[92mUpdate: [39m[0m[94mpipeline.0000.T0.T0.71 state: SCHEDULING
[39m[0m[92mUpdate: [39m[0m[94mpipeline.0000.T0.T0.58 state: SCHEDULING
[39m[0m[92mUpdate: [39m[0m[94mpipeline.0000.T0.T0.92 state: SCHEDULING
[39m[0m[92mUpdate: [39m[0m[94mpipeline.0000.T0.T0.8 state: SCHEDULING
[39m[0m[92mUpdate: [39m[0m[94mpipeline.0000.T0.T0.73 state: SCHEDULING
[39m[0m[92mUpdate: [39m[0m[94mpipeline.0000.T0.T0.93 state: SCHEDULING
[39m[0m[92mUpdate: [39m[0m[94mpipeline.0000.T0.T0.18 state: SCHEDULING
[39m[0m[92mUpdate: [39m[0m[94mpipeline.0000.T0.T0.38 state: SCHEDULING
[39m[0m[92mUpdate: [39m[0m[94mpipeline.0000.T0.T0.39 state: SCHEDULING
[39m[0m[92mUpdate: [39m[0m[94mpipeline.0000.T0.T0.12 state: SCHEDULING
[39m[0m[92mUpdate: [39m[0m[94mpipeline.0000.T0.T0.50 state: SCHEDULING
[39m[0m[92mUpdate: [39m[0m[94mpipeline.0000.T0.T0.94 state: SCHEDULING
[39m[0m[92mUpdate: [39m[0m[94mpipeline.0000.T0.T0.51 state: SCHEDULING
[39m[0m[92mUpdate: [39m[0m[94mpipeline.0000.T0.T0.17 state: SCHEDULING
[39m[0m[92mUpdate: [39m[0m[94mpipeline.0000.T0.T0.95 state: SCHEDULING
[39m[0m[92mUpdate: [39m[0m[94mpipeline.0000.T0.T0.74 state: SCHEDULING
[39m[0m[92mUpdate: [39m[0m[94mpipeline.0000.T0.T0.43 state: SCHEDULING
[39m[0m[92mUpdate: [39m[0m[94mpipeline.0000.T0.T0.19 state: SCHEDULING
[39m[0m[92mUpdate: [39m[0m[94mpipeline.0000.T0.T0.40 state: SCHEDULING
[39m[0m[92mUpdate: [39m[0m[94mpipeline.0000.T0.T0.75 state: SCHEDULING
[39m[0m[92mUpdate: [39m[0m[94mpipeline.0000.T0.T0.9 state: SCHEDULING
[39m[0m[92mUpdate: [39m[0m[94mpipeline.0000.T0.T0.41 state: SCHEDULING
[39m[0m[92mUpdate: [39m[0m[94mpipeline.0000.T0.T0.52 state: SCHEDULING
[39m[0m[92mUpdate: [39m[0m[94mpipeline.0000.T0.T0.20 state: SCHEDULING
[39m[0m[92mUpdate: [39m[0m[94mpipeline.0000.T0.T0.42 state: SCHEDULING
[39m[0m[92mUpdate: [39m[0m[94mpipeline.0000.T0.T0.53 state: SCHEDULING
[39m[0m[92mUpdate: [39m[0m[94mpipeline.0000.T0.T0.10 state: SCHEDULING
[39m[0m[92mUpdate: [39m[0m[94mpipeline.0000.T0.T0.21 state: SCHEDULING
[39m[0m[92mUpdate: [39m[0m[94mpipeline.0000.T0.T0.54 state: SCHEDULING
[39m[0m[92mUpdate: [39m[0m[94mpipeline.0000.T0.T0.11 state: SCHEDULING
[39m[0m[92mUpdate: [39m[0m[94mpipeline.0000.T0.T0.26 state: SCHEDULED
[39m[0m[92mUpdate: [39m[0m[94mpipeline.0000.T0.T0.61 state: SCHEDULED
[39m[0m[92mUpdate: [39m[0m[94mpipeline.0000.T0.T0.27 state: SCHEDULED
[39m[0m[92mUpdate: [39m[0m[94mpipeline.0000.T0.T0.15 state: SCHEDULED
[39m[0m[92mUpdate: [39m[0m[94mpipeline.0000.T0.T0.62 state: SCHEDULED
[39m[0m[92mUpdate: [39m[0m[94mpipeline.0000.T0.T0.80 state: SCHEDULED
[39m[0m[92mUpdate: [39m[0m[94mpipeline.0000.T0.T0.63 state: SCHEDULED
[39m[0m[92mUpdate: [39m[0m[94mpipeline.0000.T0.T0.56 state: SCHEDULED
[39m[0m[92mUpdate: [39m[0m[94mpipeline.0000.T0.T0.28 state: SCHEDULED
[39m[0m[92mUpdate: [39m[0m[94mpipeline.0000.T0.T0.81 state: SCHEDULED
[39m[0m[92mUpdate: [39m[0m[94mpipeline.0000.T0.T0.29 state: SCHEDULED
[39m[0m[92mUpdate: [39m[0m[94mpipeline.0000.T0.T0.82 state: SCHEDULED
[39m[0m[92mUpdate: [39m[0m[94mpipeline.0000.T0.T0.64 state: SCHEDULED
[39m[0m[92mUpdate: [39m[0m[94mpipeline.0000.T0.T0.0 state: SCHEDULED
[39m[0m[92mUpdate: [39m[0m[94mpipeline.0000.T0.T0.65 state: SCHEDULED
[39m[0m[92mUpdate: [39m[0m[94mpipeline.0000.T0.T0.55 state: SCHEDULED
[39m[0m[92mUpdate: [39m[0m[94mpipeline.0000.T0.T0.68 state: SCHEDULED
[39m[0m[92mUpdate: [39m[0m[94mpipeline.0000.T0.T0.79 state: SCHEDULED
[39m[0m[92mUpdate: [39m[0m[94mpipeline.0000.T0.T0.13 state: SCHEDULED
[39m[0m[92mUpdate: [39m[0m[94mpipeline.0000.T0.T0.78 state: SCHEDULED
[39m[0m[92mUpdate: [39m[0m[94mpipeline.0000.T0.T0.83 state: SCHEDULED
[39m[0m[92mUpdate: [39m[0m[94mpipeline.0000.T0.T0.57 state: SCHEDULED
[39m[0m[92mUpdate: [39m[0m[94mpipeline.0000.T0.T0.16 state: SCHEDULED
[39m[0m[92mUpdate: [39m[0m[94mpipeline.0000.T0.T0.30 state: SCHEDULED
[39m[0m[92mUpdate: [39m[0m[94mpipeline.0000.T0.T0.84 state: SCHEDULED
[39m[0m[92mUpdate: [39m[0m[94mpipeline.0000.T0.T0.31 state: SCHEDULED
[39m[0m[92mUpdate: [39m[0m[94mpipeline.0000.T0.T0.60 state: SCHEDULED
[39m[0m[92mUpdate: [39m[0m[94mpipeline.0000.T0.T0.23 state: SCHEDULED
[39m[0m[92mUpdate: [39m[0m[94mpipeline.0000.T0.T0.76 state: SCHEDULED
[39m[0m[92mUpdate: [39m[0m[94mpipeline.0000.T0.T0.85 state: SCHEDULED
[39m[0m[92mUpdate: [39m[0m[94mpipeline.0000.T0.T0.1 state: SCHEDULED
[39m[0m[92mUpdate: [39m[0m[94mpipeline.0000.T0.T0.59 state: SCHEDULED
[39m[0m[92mUpdate: [39m[0m[94mpipeline.0000.T0.T0.45 state: SCHEDULED
[39m[0m[92mUpdate: [39m[0m[94mpipeline.0000.T0.T0.86 state: SCHEDULED
[39m[0m[92mUpdate: [39m[0m[94mpipeline.0000.T0.T0.2 state: SCHEDULED
[39m[0m[92mUpdate: [39m[0m[94mpipeline.0000.T0.T0.66 state: SCHEDULED
[39m[0m[92mUpdate: [39m[0m[94mpipeline.0000.T0.T0.5 state: SCHEDULED
[39m[0m[92mUpdate: [39m[0m[94mpipeline.0000.T0.T0.77 state: SCHEDULED
[39m[0m[92mUpdate: [39m[0m[94mpipeline.0000.T0.T0.32 state: SCHEDULED
[39m[0m[92mUpdate: [39m[0m[94mpipeline.0000.T0.T0.67 state: SCHEDULED
[39m[0m[92mUpdate: [39m[0m[94mpipeline.0000.T0.T0.87 state: SCHEDULED
[39m[0m[92mUpdate: [39m[0m[94mpipeline.0000.T0.T0.33 state: SCHEDULED
[39m[0m[92mUpdate: [39m[0m[94mpipeline.0000.T0.T0.3 state: SCHEDULED
[39m[0m[92mUpdate: [39m[0m[94mpipeline.0000.T0.T0.14 state: SCHEDULED
[39m[0m[92mUpdate: [39m[0m[94mpipeline.0000.T0.T0.24 state: SCHEDULED
[39m[0m[92mUpdate: [39m[0m[94mpipeline.0000.T0.T0.88 state: SCHEDULED
[39m[0m[92mUpdate: [39m[0m[94mpipeline.0000.T0.T0.22 state: SCHEDULED
[39m[0m[92mUpdate: [39m[0m[94mpipeline.0000.T0.T0.37 state: SCHEDULED
[39m[0m[92mUpdate: [39m[0m[94mpipeline.0000.T0.T0.44 state: SCHEDULED
[39m[0m[92mUpdate: [39m[0m[94mpipeline.0000.T0.T0.4 state: SCHEDULED
[39m[0m[92mUpdate: [39m[0m[94mpipeline.0000.T0.T0.46 state: SCHEDULED
[39m[0m[92mUpdate: [39m[0m[94mpipeline.0000.T0.T0.7 state: SCHEDULED
[39m[0m[92mUpdate: [39m[0m[94mpipeline.0000.T0.T0.35 state: SCHEDULED
[39m[0m[92mUpdate: [39m[0m[94mpipeline.0000.T0.T0.47 state: SCHEDULED
[39m[0m[92mUpdate: [39m[0m[94mpipeline.0000.T0.T0.89 state: SCHEDULED
[39m[0m[92mUpdate: [39m[0m[94mpipeline.0000.T0.T0.25 state: SCHEDULED
[39m[0m[92mUpdate: [39m[0m[94mpipeline.0000.T0.T0.6 state: SCHEDULED
[39m[0m[92mUpdate: [39m[0m[94mpipeline.0000.T0.T0.69 state: SCHEDULED
[39m[0m[92mUpdate: [39m[0m[94mpipeline.0000.T0.T0.90 state: SCHEDULED
[39m[0m[92mUpdate: [39m[0m[94mpipeline.0000.T0.T0.34 state: SCHEDULED
[39m[0m[92mUpdate: [39m[0m[94mpipeline.0000.T0.T0.70 state: SCHEDULED
[39m[0m[92mUpdate: [39m[0m[94mpipeline.0000.T0.T0.36 state: SCHEDULED
[39m[0m[92mUpdate: [39m[0m[94mpipeline.0000.T0.T0.49 state: SCHEDULED
[39m[0m[92mUpdate: [39m[0m[94mpipeline.0000.T0.T0.72 state: SCHEDULED
[39m[0m[92mUpdate: [39m[0m[94mpipeline.0000.T0.T0.91 state: SCHEDULED
[39m[0m[92mUpdate: [39m[0m[94mpipeline.0000.T0.T0.48 state: SCHEDULED
[39m[0m[92mUpdate: [39m[0m[94mpipeline.0000.T0.T0.71 state: SCHEDULED
[39m[0m[92mUpdate: [39m[0m[94mpipeline.0000.T0.T0.58 state: SCHEDULED
[39m[0m[92mUpdate: [39m[0m[94mpipeline.0000.T0.T0.92 state: SCHEDULED
[39m[0m[92mUpdate: [39m[0m[94mpipeline.0000.T0.T0.8 state: SCHEDULED
[39m[0m[92mUpdate: [39m[0m[94mpipeline.0000.T0.T0.73 state: SCHEDULED
[39m[0m[92mUpdate: [39m[0m[94mpipeline.0000.T0.T0.93 state: SCHEDULED
[39m[0m[92mUpdate: [39m[0m[94mpipeline.0000.T0.T0.18 state: SCHEDULED
[39m[0m[92mUpdate: [39m[0m[94mpipeline.0000.T0.T0.38 state: SCHEDULED
[39m[0m[92mUpdate: [39m[0m[94mpipeline.0000.T0.T0.39 state: SCHEDULED
[39m[0m[92mUpdate: [39m[0m[94mpipeline.0000.T0.T0.12 state: SCHEDULED
[39m[0m[92mUpdate: [39m[0m[94mpipeline.0000.T0.T0.50 state: SCHEDULED
[39m[0m[92mUpdate: [39m[0m[94mpipeline.0000.T0.T0.94 state: SCHEDULED
[39m[0m[92mUpdate: [39m[0m[94mpipeline.0000.T0.T0.51 state: SCHEDULED
[39m[0m[92mUpdate: [39m[0m[94mpipeline.0000.T0.T0.17 state: SCHEDULED
[39m[0m[92mUpdate: [39m[0m[94mpipeline.0000.T0.T0.95 state: SCHEDULED
[39m[0m[92mUpdate: [39m[0m[94mpipeline.0000.T0.T0.74 state: SCHEDULED
[39m[0m[92mUpdate: [39m[0m[94mpipeline.0000.T0.T0.43 state: SCHEDULED
[39m[0m[92mUpdate: [39m[0m[94mpipeline.0000.T0.T0.19 state: SCHEDULED
[39m[0m[92mUpdate: [39m[0m[94mpipeline.0000.T0.T0.40 state: SCHEDULED
[39m[0m[92mUpdate: [39m[0m[94mpipeline.0000.T0.T0.75 state: SCHEDULED
[39m[0m[92mUpdate: [39m[0m[94mpipeline.0000.T0.T0.9 state: SCHEDULED
[39m[0m[92mUpdate: [39m[0m[94mpipeline.0000.T0.T0.41 state: SCHEDULED
[39m[0m[92mUpdate: [39m[0m[94mpipeline.0000.T0.T0.52 state: SCHEDULED
[39m[0m[92mUpdate: [39m[0m[94mpipeline.0000.T0.T0.20 state: SCHEDULED
[39m[0m[92mUpdate: [39m[0m[94mpipeline.0000.T0.T0.42 state: SCHEDULED
[39m[0m[92mUpdate: [39m[0m[94mpipeline.0000.T0.T0.53 state: SCHEDULED
[39m[0m[92mUpdate: [39m[0m[94mpipeline.0000.T0.T0.10 state: SCHEDULED
[39m[0m[92mUpdate: [39m[0m[94mpipeline.0000.T0.T0.21 state: SCHEDULED
[39m[0m[92mUpdate: [39m[0m[94mpipeline.0000.T0.T0.54 state: SCHEDULED
[39m[0m[92mUpdate: [39m[0m[94mpipeline.0000.T0.T0.11 state: SCHEDULED
[39m[0m[92mUpdate: [39m[0m[94mpipeline.0000.T0 state: SCHEDULED
[39m[0mMongoClient opened before fork. Create MongoClient only after forking. See PyMongo's documentation for details: https://pymongo.readthedocs.io/en/stable/faq.html#is-pymongo-fork-safe
[92m                                                           ok
[39m[0m[92mUpdate: [39m[0m[94mpipeline.0000.T0.T0.26 state: SUBMITTING
[39m[0m[92mUpdate: [39m[0m[94mpipeline.0000.T0.T0.61 state: SUBMITTING
[39m[0msubmit: [39m[0m#[39m[0m#[39m[0m#[39m[0m#[39m[0m#[39m[0m#[39m[0m#[39m[0m#[39m[0m#[39m[0m#[39m[0m#[39m[0m#[39m[0m#[39m[0m#[39m[0m#[39m[0m#[39m[0m#[39m[0m#[39m[0m#[39m[0m#[39m[0m#[39m[0m#[39m[0m#[39m[0m#[39m[0m#[39m[0m#[39m[0m#[39m[0m#[39m[0m#[39m[0m#[39m[0m#[39m[0m#[39m[0m#[39m[0m#[39m[0m#[39m[0m#[39m[0m#[39m[0m#[39m[0m#[39m[0m#[39m[0m#[39m[0m#[39m[0m#[39m[0m#[39m[0m#[39m[0m#[39m[0m#[39m[0m#[39m[0m#[39m[0m#[39m[0m#[39m[0m#[39m[0m#[39m[0m#[39m[0m#[39m[0m#[39m[0m#[39m[0m#[39m[0m#[39m[0m#[39m[0m#[39m[0m#[39m[0m#[39m[0m#[39m[0m#[39m[0m#[39m[0m#[39m[0m#[39m[0m#[39m[0m#[39m[0m#[39m[0m#[39m[0m
[39m[0m[92mUpdate: [39m[0m[94mpipeline.0000.T0.T0.27 state: SUBMITTING
[39m[0m[92mUpdate: [39m[0m[94mpipeline.0000.T0.T0.15 state: SUBMITTING
[39m[0m[92mUpdate: [39m[0m[94mpipeline.0000.T0.T0.62 state: SUBMITTING
[39m[0m[92mUpdate: [39m[0m[94mpipeline.0000.T0.T0.80 state: SUBMITTING
[39m[0m[92mUpdate: [39m[0m[94mpipeline.0000.T0.T0.63 state: SUBMITTING
[39m[0m[92mUpdate: [39m[0m[94mpipeline.0000.T0.T0.56 state: SUBMITTING
[39m[0m[92mUpdate: [39m[0m[94mpipeline.0000.T0.T0.28 state: SUBMITTING
[39m[0m[92mUpdate: [39m[0m[94mpipeline.0000.T0.T0.81 state: SUBMITTING
[39m[0m[92mUpdate: [39m[0m[94mpipeline.0000.T0.T0.29 state: SUBMITTING
[39m[0m[92mUpdate: [39m[0m[94mpipeline.0000.T0.T0.82 state: SUBMITTING
[39m[0m[92mUpdate: [39m[0m[94mpipeline.0000.T0.T0.64 state: SUBMITTING
[39m[0m[92mUpdate: [39m[0m[94mpipeline.0000.T0.T0.0 state: SUBMITTING
[39m[0m[92mUpdate: [39m[0m[94mpipeline.0000.T0.T0.65 state: SUBMITTING
[39m[0m[92mUpdate: [39m[0m[94mpipeline.0000.T0.T0.55 state: SUBMITTING
[39m[0m[92mUpdate: [39m[0m[94mpipeline.0000.T0.T0.68 state: SUBMITTING
[39m[0m[92mUpdate: [39m[0m[94mpipeline.0000.T0.T0.79 state: SUBMITTING
[39m[0m[92mUpdate: [39m[0m[94mpipeline.0000.T0.T0.13 state: SUBMITTING
[39m[0m[92mUpdate: [39m[0m[94mpipeline.0000.T0.T0.78 state: SUBMITTING
[39m[0m[92mUpdate: [39m[0m[94mpipeline.0000.T0.T0.83 state: SUBMITTING
[39m[0m[92mUpdate: [39m[0m[94mpipeline.0000.T0.T0.57 state: SUBMITTING
[39m[0m[92mUpdate: [39m[0m[94mpipeline.0000.T0.T0.16 state: SUBMITTING
[39m[0m[92mUpdate: [39m[0m[94mpipeline.0000.T0.T0.30 state: SUBMITTING
[39m[0m[92mUpdate: [39m[0m[94mpipeline.0000.T0.T0.84 state: SUBMITTING
[39m[0m[92mUpdate: [39m[0m[94mpipeline.0000.T0.T0.31 state: SUBMITTING
[39m[0m[92mUpdate: [39m[0m[94mpipeline.0000.T0.T0.60 state: SUBMITTING
[39m[0m[92mUpdate: [39m[0m[94mpipeline.0000.T0.T0.23 state: SUBMITTING
[39m[0m[92mUpdate: [39m[0m[94mpipeline.0000.T0.T0.76 state: SUBMITTING
[39m[0m[92mUpdate: [39m[0m[94mpipeline.0000.T0.T0.85 state: SUBMITTING
[39m[0m[92mUpdate: [39m[0m[94mpipeline.0000.T0.T0.1 state: SUBMITTING
[39m[0m[92mUpdate: [39m[0m[94mpipeline.0000.T0.T0.59 state: SUBMITTING
[39m[0m[92mUpdate: [39m[0m[94mpipeline.0000.T0.T0.45 state: SUBMITTING
[39m[0m[92mUpdate: [39m[0m[94mpipeline.0000.T0.T0.86 state: SUBMITTING
[39m[0m[92mUpdate: [39m[0m[94mpipeline.0000.T0.T0.2 state: SUBMITTING
[39m[0m[92mUpdate: [39m[0m[94mpipeline.0000.T0.T0.66 state: SUBMITTING
[39m[0m[92mUpdate: [39m[0m[94mpipeline.0000.T0.T0.5 state: SUBMITTING
[39m[0m[92mUpdate: [39m[0m[94mpipeline.0000.T0.T0.77 state: SUBMITTING
[39m[0m[92mUpdate: [39m[0m[94mpipeline.0000.T0.T0.32 state: SUBMITTING
[39m[0m[92mUpdate: [39m[0m[94mpipeline.0000.T0.T0.67 state: SUBMITTING
[39m[0m[92mUpdate: [39m[0m[94mpipeline.0000.T0.T0.87 state: SUBMITTING
[39m[0m[92mUpdate: [39m[0m[94mpipeline.0000.T0.T0.33 state: SUBMITTING
[39m[0m[92mUpdate: [39m[0m[94mpipeline.0000.T0.T0.3 state: SUBMITTING
[39m[0m[92mUpdate: [39m[0m[94mpipeline.0000.T0.T0.14 state: SUBMITTING
[39m[0m[92mUpdate: [39m[0m[94mpipeline.0000.T0.T0.24 state: SUBMITTING
[39m[0m[92mUpdate: [39m[0m[94mpipeline.0000.T0.T0.88 state: SUBMITTING
[39m[0m[92mUpdate: [39m[0m[94mpipeline.0000.T0.T0.22 state: SUBMITTING
[39m[0m[92mUpdate: [39m[0m[94mpipeline.0000.T0.T0.37 state: SUBMITTING
[39m[0m[92mUpdate: [39m[0m[94mpipeline.0000.T0.T0.44 state: SUBMITTING
[39m[0m[92mUpdate: [39m[0m[94mpipeline.0000.T0.T0.4 state: SUBMITTING
[39m[0m[92mUpdate: [39m[0m[94mpipeline.0000.T0.T0.46 state: SUBMITTING
[39m[0m[92mUpdate: [39m[0m[94mpipeline.0000.T0.T0.7 state: SUBMITTING
[39m[0m[92mUpdate: [39m[0m[94mpipeline.0000.T0.T0.35 state: SUBMITTING
[39m[0m[92mUpdate: [39m[0m[94mpipeline.0000.T0.T0.47 state: SUBMITTING
[39m[0m[92mUpdate: [39m[0m[94mpipeline.0000.T0.T0.89 state: SUBMITTING
[39m[0m[92mUpdate: [39m[0m[94mpipeline.0000.T0.T0.25 state: SUBMITTING
[39m[0m[92mUpdate: [39m[0m[94mpipeline.0000.T0.T0.6 state: SUBMITTING
[39m[0m[92mUpdate: [39m[0m[94mpipeline.0000.T0.T0.69 state: SUBMITTING
[39m[0m[92mUpdate: [39m[0m[94mpipeline.0000.T0.T0.90 state: SUBMITTING
[39m[0m[92mUpdate: [39m[0m[94mpipeline.0000.T0.T0.34 state: SUBMITTING
[39m[0m[92mUpdate: [39m[0m[94mpipeline.0000.T0.T0.70 state: SUBMITTING
[39m[0m[92mUpdate: [39m[0m[94mpipeline.0000.T0.T0.36 state: SUBMITTING
[39m[0m[92mUpdate: [39m[0m[94mpipeline.0000.T0.T0.49 state: SUBMITTING
[39m[0m[92mUpdate: [39m[0m[94mpipeline.0000.T0.T0.72 state: SUBMITTING
[39m[0m[92mUpdate: [39m[0m[94mpipeline.0000.T0.T0.91 state: SUBMITTING
[39m[0m[92mUpdate: [39m[0m[94mpipeline.0000.T0.T0.48 state: SUBMITTING
[39m[0m[92mUpdate: [39m[0m[94mpipeline.0000.T0.T0.71 state: SUBMITTING
[39m[0m[92mUpdate: [39m[0m[94mpipeline.0000.T0.T0.58 state: SUBMITTING
[39m[0m[92mUpdate: [39m[0m[94mpipeline.0000.T0.T0.92 state: SUBMITTING
[39m[0m[92mUpdate: [39m[0m[94mpipeline.0000.T0.T0.8 state: SUBMITTING
[39m[0m[92mUpdate: [39m[0m[94mpipeline.0000.T0.T0.73 state: SUBMITTING
[39m[0m[92mUpdate: [39m[0m[94mpipeline.0000.T0.T0.93 state: SUBMITTING
[39m[0m[92mUpdate: [39m[0m[94mpipeline.0000.T0.T0.18 state: SUBMITTING
[39m[0m[92mUpdate: [39m[0m[94mpipeline.0000.T0.T0.38 state: SUBMITTING
[39m[0m[92mUpdate: [39m[0m[94mpipeline.0000.T0.T0.39 state: SUBMITTING
[39m[0m[92mUpdate: [39m[0m[94mpipeline.0000.T0.T0.12 state: SUBMITTING
[39m[0m[92mUpdate: [39m[0m[94mpipeline.0000.T0.T0.50 state: SUBMITTING
[39m[0m[92mUpdate: [39m[0m[94mpipeline.0000.T0.T0.94 state: SUBMITTING
[39m[0m[92mUpdate: [39m[0m[94mpipeline.0000.T0.T0.51 state: SUBMITTING
[39m[0m[92mUpdate: [39m[0m[94mpipeline.0000.T0.T0.17 state: SUBMITTING
[39m[0m[92mUpdate: [39m[0m[94mpipeline.0000.T0.T0.95 state: SUBMITTING
[39m[0m[92mUpdate: [39m[0m[94mpipeline.0000.T0.T0.74 state: SUBMITTING
[39m[0m[92mUpdate: [39m[0m[94mpipeline.0000.T0.T0.43 state: SUBMITTING
[39m[0m[92mUpdate: [39m[0m[94mpipeline.0000.T0.T0.19 state: SUBMITTING
[39m[0m[92mUpdate: [39m[0m[94mpipeline.0000.T0.T0.40 state: SUBMITTING
[39m[0m[92mUpdate: [39m[0m[94mpipeline.0000.T0.T0.75 state: SUBMITTING
[39m[0m[92mUpdate: [39m[0m[94mpipeline.0000.T0.T0.9 state: SUBMITTING
[39m[0m[92mUpdate: [39m[0m[94mpipeline.0000.T0.T0.41 state: SUBMITTING
[39m[0m[92mUpdate: [39m[0m[94mpipeline.0000.T0.T0.52 state: SUBMITTING
[39m[0m[92mUpdate: [39m[0m[94mpipeline.0000.T0.T0.20 state: SUBMITTING
[39m[0m[92mUpdate: [39m[0m[94mpipeline.0000.T0.T0.42 state: SUBMITTING
[39m[0m[92mUpdate: [39m[0m[94mpipeline.0000.T0.T0.53 state: SUBMITTING
[39m[0m[92mUpdate: [39m[0m[94mpipeline.0000.T0.T0.10 state: SUBMITTING
[39m[0m[92mUpdate: [39m[0m[94mpipeline.0000.T0.T0.21 state: SUBMITTING
[39m[0m[92mUpdate: [39m[0m[94mpipeline.0000.T0.T0.54 state: SUBMITTING
[39m[0m[92mUpdate: [39m[0m[94mpipeline.0000.T0.T0.11 state: SUBMITTING
[39m[0m[92mUpdate: [39m[0m[94mpipeline.0000.T0.T0.26 state: EXECUTED
[39m[0m[92mUpdate: [39m[0m[94mpipeline.0000.T0.T0.26 state: FAILED
[39m[0m[92mUpdate: [39m[0m[94mpipeline.0000.T0.T0.27 state: DONE
[39m[0m[92mUpdate: [39m[0m[94mpipeline.0000.T0.T0.57 state: DONE
[39m[0m[92mUpdate: [39m[0m[94mpipeline.0000.T0.T0.61 state: DONE
[39m[0m[92mUpdate: [39m[0m[94mpipeline.0000.T0.T0.15 state: DONE
[39m[0m[92mUpdate: [39m[0m[94mpipeline.0000.T0.T0.62 state: DONE
[39m[0m[92mUpdate: [39m[0m[94mpipeline.0000.T0.T0.80 state: DONE
[39m[0m[92mUpdate: [39m[0m[94mpipeline.0000.T0.T0.63 state: DONE
[39m[0m[92mUpdate: [39m[0m[94mpipeline.0000.T0.T0.82 state: DONE
[39m[0m[92mUpdate: [39m[0m[94mpipeline.0000.T0.T0.64 state: DONE
[39m[0m[92mUpdate: [39m[0m[94mpipeline.0000.T0.T0.0 state: DONE
[39m[0m[92mUpdate: [39m[0m[94mpipeline.0000.T0.T0.55 state: DONE
[39m[0m[92mUpdate: [39m[0m[94mpipeline.0000.T0.T0.68 state: DONE
[39m[0m[92mUpdate: [39m[0m[94mpipeline.0000.T0.T0.79 state: DONE
[39m[0m[92mUpdate: [39m[0m[94mpipeline.0000.T0.T0.13 state: DONE
[39m[0m[92mUpdate: [39m[0m[94mpipeline.0000.T0.T0.83 state: DONE
[39m[0m[92mUpdate: [39m[0m[94mpipeline.0000.T0.T0.16 state: DONE
[39m[0m[92mUpdate: [39m[0m[94mpipeline.0000.T0.T0.30 state: DONE
[39m[0m[92mUpdate: [39m[0m[94mpipeline.0000.T0.T0.84 state: DONE
[39m[0m[92mUpdate: [39m[0m[94mpipeline.0000.T0.T0.31 state: DONE
[39m[0m[92mUpdate: [39m[0m[94mpipeline.0000.T0.T0.85 state: DONE
[39m[0m[92mUpdate: [39m[0m[94mpipeline.0000.T0.T0.45 state: DONE
[39m[0m[92mUpdate: [39m[0m[94mpipeline.0000.T0.T0.86 state: DONE
[39m[0m[92mUpdate: [39m[0m[94mpipeline.0000.T0.T0.2 state: DONE
[39m[0m[92mUpdate: [39m[0m[94mpipeline.0000.T0.T0.5 state: DONE
[39m[0m[92mUpdate: [39m[0m[94mpipeline.0000.T0.T0.67 state: DONE
[39m[0m[92mUpdate: [39m[0m[94mpipeline.0000.T0.T0.87 state: DONE
[39m[0m[92mUpdate: [39m[0m[94mpipeline.0000.T0.T0.33 state: DONE
[39m[0m[92mUpdate: [39m[0m[94mpipeline.0000.T0.T0.3 state: DONE
[39m[0m[92mUpdate: [39m[0m[94mpipeline.0000.T0.T0.44 state: DONE
[39m[0m[92mUpdate: [39m[0m[94mpipeline.0000.T0.T0.47 state: DONE
[39m[0m[92mUpdate: [39m[0m[94mpipeline.0000.T0.T0.25 state: DONE
[39m[0m[92mUpdate: [39m[0m[94mpipeline.0000.T0.T0.90 state: DONE
[39m[0m[92mUpdate: [39m[0m[94mpipeline.0000.T0.T0.56 state: EXECUTED
[39m[0m[92mUpdate: [39m[0m[94mpipeline.0000.T0.T0.56 state: DONE
[39m[0m[92mUpdate: [39m[0m[94mpipeline.0000.T0.T0.28 state: EXECUTED
[39m[0m[92mUpdate: [39m[0m[94mpipeline.0000.T0.T0.28 state: DONE
[39m[0m[92mUpdate: [39m[0m[94mpipeline.0000.T0.T0.81 state: EXECUTED
[39m[0m[92mUpdate: [39m[0m[94mpipeline.0000.T0.T0.81 state: DONE
[39m[0m[92mUpdate: [39m[0m[94mpipeline.0000.T0.T0.29 state: DONE
[39m[0m[92mUpdate: [39m[0m[94mpipeline.0000.T0.T0.65 state: EXECUTED
[39m[0m[92mUpdate: [39m[0m[94mpipeline.0000.T0.T0.78 state: EXECUTED
[39m[0m[92mUpdate: [39m[0m[94mpipeline.0000.T0.T0.65 state: DONE
[39m[0m[92mUpdate: [39m[0m[94mpipeline.0000.T0.T0.78 state: DONE
[39m[0m[92mUpdate: [39m[0m[94mpipeline.0000.T0.T0.60 state: EXECUTED
[39m[0m[92mUpdate: [39m[0m[94mpipeline.0000.T0.T0.60 state: DONE
[39m[0m[92mUpdate: [39m[0m[94mpipeline.0000.T0.T0.23 state: EXECUTED
[39m[0m[92mUpdate: [39m[0m[94mpipeline.0000.T0.T0.23 state: DONE
[39m[0m[92mUpdate: [39m[0m[94mpipeline.0000.T0.T0.76 state: DONE
[39m[0m[92mUpdate: [39m[0m[94mpipeline.0000.T0.T0.1 state: DONE
[39m[0m[92mUpdate: [39m[0m[94mpipeline.0000.T0.T0.59 state: EXECUTED
[39m[0m[92mUpdate: [39m[0m[94mpipeline.0000.T0.T0.59 state: DONE
[39m[0m[92mUpdate: [39m[0m[94mpipeline.0000.T0.T0.77 state: EXECUTED
[39m[0m[92mUpdate: [39m[0m[94mpipeline.0000.T0.T0.77 state: DONE
[39m[0m[92mUpdate: [39m[0m[94mpipeline.0000.T0.T0.32 state: DONE
[39m[0m[92mUpdate: [39m[0m[94mpipeline.0000.T0.T0.14 state: EXECUTED
[39m[0m[92mUpdate: [39m[0m[94mpipeline.0000.T0.T0.14 state: DONE
[39m[0m[92mUpdate: [39m[0m[94mpipeline.0000.T0.T0.24 state: DONE
[39m[0m[92mUpdate: [39m[0m[94mpipeline.0000.T0.T0.22 state: DONE
[39m[0m[92mUpdate: [39m[0m[94mpipeline.0000.T0.T0.37 state: DONE
[39m[0m[92mUpdate: [39m[0m[94mpipeline.0000.T0.T0.4 state: DONE
[39m[0m[92mUpdate: [39m[0m[94mpipeline.0000.T0.T0.46 state: DONE
[39m[0m[92mUpdate: [39m[0m[94mpipeline.0000.T0.T0.7 state: DONE
[39m[0m[92mUpdate: [39m[0m[94mpipeline.0000.T0.T0.35 state: DONE
[39m[0m[92mUpdate: [39m[0m[94mpipeline.0000.T0.T0.89 state: DONE
[39m[0m[92mUpdate: [39m[0m[94mpipeline.0000.T0.T0.6 state: DONE
[39m[0m[92mUpdate: [39m[0m[94mpipeline.0000.T0.T0.69 state: DONE
[39m[0m[92mUpdate: [39m[0m[94mpipeline.0000.T0.T0.70 state: DONE
[39m[0m[92mUpdate: [39m[0m[94mpipeline.0000.T0.T0.91 state: DONE
[39m[0m[92mUpdate: [39m[0m[94mpipeline.0000.T0.T0.48 state: DONE
[39m[0m[92mUpdate: [39m[0m[94mpipeline.0000.T0.T0.92 state: DONE
[39m[0m[92mUpdate: [39m[0m[94mpipeline.0000.T0.T0.50 state: DONE
[39m[0m[92mUpdate: [39m[0m[94mpipeline.0000.T0.T0.94 state: DONE
[39m[0m[92mUpdate: [39m[0m[94mpipeline.0000.T0.T0.17 state: DONE
[39m[0m[92mUpdate: [39m[0m[94mpipeline.0000.T0.T0.95 state: DONE
[39m[0m[92mUpdate: [39m[0m[94mpipeline.0000.T0.T0.66 state: DONE
[39m[0m[92mUpdate: [39m[0m[94mpipeline.0000.T0.T0.88 state: DONE
[39m[0m[92mUpdate: [39m[0m[94mpipeline.0000.T0.T0.34 state: DONE
[39m[0m[92mUpdate: [39m[0m[94mpipeline.0000.T0.T0.36 state: DONE
[39m[0m[92mUpdate: [39m[0m[94mpipeline.0000.T0.T0.49 state: DONE
[39m[0m[92mUpdate: [39m[0m[94mpipeline.0000.T0.T0.72 state: DONE
[39m[0m[92mUpdate: [39m[0m[94mpipeline.0000.T0.T0.71 state: DONE
[39m[0m[92mUpdate: [39m[0m[94mpipeline.0000.T0.T0.58 state: DONE
[39m[0m[92mUpdate: [39m[0m[94mpipeline.0000.T0.T0.8 state: DONE
[39m[0m[92mUpdate: [39m[0m[94mpipeline.0000.T0.T0.73 state: DONE
[39m[0m[92mUpdate: [39m[0m[94mpipeline.0000.T0.T0.93 state: EXECUTED
[39m[0m[92mUpdate: [39m[0m[94mpipeline.0000.T0.T0.93 state: DONE
[39m[0m[92mUpdate: [39m[0m[94mpipeline.0000.T0.T0.18 state: DONE
[39m[0m[92mUpdate: [39m[0m[94mpipeline.0000.T0.T0.38 state: EXECUTED
[39m[0m[92mUpdate: [39m[0m[94mpipeline.0000.T0.T0.38 state: DONE
[39m[0m[92mUpdate: [39m[0m[94mpipeline.0000.T0.T0.39 state: EXECUTED
[39m[0m[92mUpdate: [39m[0m[94mpipeline.0000.T0.T0.39 state: DONE
[39m[0m[92mUpdate: [39m[0m[94mpipeline.0000.T0.T0.12 state: DONE
[39m[0m[92mUpdate: [39m[0m[94mpipeline.0000.T0.T0.51 state: DONE
[39m[0m[92mUpdate: [39m[0m[94mpipeline.0000.T0.T0.20 state: EXECUTED
[39m[0m[92mUpdate: [39m[0m[94mpipeline.0000.T0.T0.53 state: EXECUTED
[39m[0m[92mUpdate: [39m[0m[94mpipeline.0000.T0.T0.20 state: DONE
[39m[0m[92mUpdate: [39m[0m[94mpipeline.0000.T0.T0.53 state: DONE
[39m[0m[92mUpdate: [39m[0m[94mpipeline.0000.T0.T0.11 state: EXECUTED
[39m[0m[92mUpdate: [39m[0m[94mpipeline.0000.T0.T0.11 state: DONE
[39m[0m[92mUpdate: [39m[0m[94mpipeline.0000.T0.T0.74 state: EXECUTED
[39m[0m[92mUpdate: [39m[0m[94mpipeline.0000.T0.T0.74 state: DONE
[39m[0m[92mUpdate: [39m[0m[94mpipeline.0000.T0.T0.75 state: EXECUTED
[39m[0m[92mUpdate: [39m[0m[94mpipeline.0000.T0.T0.75 state: DONE
[39m[0m[92mUpdate: [39m[0m[94mpipeline.0000.T0.T0.9 state: DONE
[39m[0m[92mUpdate: [39m[0m[94mpipeline.0000.T0.T0.41 state: EXECUTED
[39m[0m[92mUpdate: [39m[0m[94mpipeline.0000.T0.T0.41 state: DONE
[39m[0m[92mUpdate: [39m[0m[94mpipeline.0000.T0.T0.52 state: EXECUTED
[39m[0m[92mUpdate: [39m[0m[94mpipeline.0000.T0.T0.52 state: DONE
[39m[0m[92mUpdate: [39m[0m[94mpipeline.0000.T0.T0.42 state: DONE
[39m[0m[92mUpdate: [39m[0m[94mpipeline.0000.T0.T0.10 state: EXECUTED
[39m[0m[92mUpdate: [39m[0m[94mpipeline.0000.T0.T0.10 state: DONE
[39m[0m[92mUpdate: [39m[0m[94mpipeline.0000.T0.T0.21 state: DONE
[39m[0m[92mUpdate: [39m[0m[94mpipeline.0000.T0.T0.43 state: EXECUTED
[39m[0m[92mUpdate: [39m[0m[94mpipeline.0000.T0.T0.19 state: EXECUTED
[39m[0m[92mUpdate: [39m[0m[94mpipeline.0000.T0.T0.43 state: DONE
[39m[0m[92mUpdate: [39m[0m[94mpipeline.0000.T0.T0.40 state: EXECUTED
[39m[0m[92mUpdate: [39m[0m[94mpipeline.0000.T0.T0.19 state: DONE
[39m[0m[92mUpdate: [39m[0m[94mpipeline.0000.T0.T0.54 state: EXECUTED
[39m[0m[92mUpdate: [39m[0m[94mpipeline.0000.T0.T0.40 state: DONE
[39m[0m[92mUpdate: [39m[0m[94mpipeline.0000.T0.T0.54 state: DONE
[39m[0m[92mUpdate: [39m[0m[94mpipeline.0000.T0 state: DONE
[39m[0m[92mUpdate: [39m[0m[94mpipeline.0000.T1T2 state: SCHEDULING
[39m[0m[92mUpdate: [39m[0m[94mpipeline.0000.T1T2.T1.7 state: SCHEDULING
[39m[0m[92mUpdate: [39m[0m[94mpipeline.0000.T1T2.T2.12 state: SCHEDULING
[39m[0m[92mUpdate: [39m[0m[94mpipeline.0000.T1T2.T2.2 state: SCHEDULING
[39m[0m[92mUpdate: [39m[0m[94mpipeline.0000.T1T2.T1.13 state: SCHEDULING
[39m[0m[92mUpdate: [39m[0m[94mpipeline.0000.T1T2.T2.7 state: SCHEDULING
[39m[0m[92mUpdate: [39m[0m[94mpipeline.0000.T1T2.T1.8 state: SCHEDULING
[39m[0m[92mUpdate: [39m[0m[94mpipeline.0000.T1T2.T2.13 state: SCHEDULING
[39m[0m[92mUpdate: [39m[0m[94mpipeline.0000.T1T2.T1.3 state: SCHEDULING
[39m[0m[92mUpdate: [39m[0m[94mpipeline.0000.T1T2.T2.3 state: SCHEDULING
[39m[0m[92mUpdate: [39m[0m[94mpipeline.0000.T1T2.T2.8 state: SCHEDULING
[39m[0m[92mUpdate: [39m[0m[94mpipeline.0000.T1T2.T1.14 state: SCHEDULING
[39m[0m[92mUpdate: [39m[0m[94mpipeline.0000.T1T2.T1.9 state: SCHEDULING
[39m[0m[92mUpdate: [39m[0m[94mpipeline.0000.T1T2.T1.2 state: SCHEDULING
[39m[0m[92mUpdate: [39m[0m[94mpipeline.0000.T1T2.T2.14 state: SCHEDULING
[39m[0m[92mUpdate: [39m[0m[94mpipeline.0000.T1T2.T1.4 state: SCHEDULING
[39m[0m[92mUpdate: [39m[0m[94mpipeline.0000.T1T2.T2.4 state: SCHEDULING
[39m[0m[92mUpdate: [39m[0m[94mpipeline.0000.T1T2.T2.9 state: SCHEDULING
[39m[0m[92mUpdate: [39m[0m[94mpipeline.0000.T1T2.T1.15 state: SCHEDULING
[39m[0m[92mUpdate: [39m[0m[94mpipeline.0000.T1T2.T1.10 state: SCHEDULING
[39m[0m[92mUpdate: [39m[0m[94mpipeline.0000.T1T2.T2.15 state: SCHEDULING
[39m[0m[92mUpdate: [39m[0m[94mpipeline.0000.T1T2.T1.0 state: SCHEDULING
[39m[0m[92mUpdate: [39m[0m[94mpipeline.0000.T1T2.T1.5 state: SCHEDULING
[39m[0m[92mUpdate: [39m[0m[94mpipeline.0000.T1T2.T2.5 state: SCHEDULING
[39m[0m[92mUpdate: [39m[0m[94mpipeline.0000.T1T2.T2.10 state: SCHEDULING
[39m[0m[92mUpdate: [39m[0m[94mpipeline.0000.T1T2.T2.0 state: SCHEDULING
[39m[0m[92mUpdate: [39m[0m[94mpipeline.0000.T1T2.T1.11 state: SCHEDULING
[39m[0m[92mUpdate: [39m[0m[94mpipeline.0000.T1T2.T1.1 state: SCHEDULING
[39m[0m[92mUpdate: [39m[0m[94mpipeline.0000.T1T2.T1.6 state: SCHEDULING
[39m[0m[92mUpdate: [39m[0m[94mpipeline.0000.T1T2.T2.6 state: SCHEDULING
[39m[0m[92mUpdate: [39m[0m[94mpipeline.0000.T1T2.T2.11 state: SCHEDULING
[39m[0m[92mUpdate: [39m[0m[94mpipeline.0000.T1T2.T2.1 state: SCHEDULING
[39m[0m[92mUpdate: [39m[0m[94mpipeline.0000.T1T2.T1.12 state: SCHEDULING
[39m[0m[92mUpdate: [39m[0m[94mpipeline.0000.T1T2.T1.7 state: SCHEDULED
[39m[0m[92mUpdate: [39m[0m[94mpipeline.0000.T1T2.T2.12 state: SCHEDULED
[39m[0m[92mUpdate: [39m[0m[94mpipeline.0000.T1T2.T2.2 state: SCHEDULED
[39m[0m[92mUpdate: [39m[0m[92mUpdate: [39m[0m[94mpipeline.0000.T1T2.T1.7 state: SUBMITTING
[39m[0m[94mpipeline.0000.T1T2.T1.13 state: SCHEDULED
[39m[0m[92mUpdate: [39m[0m[94mpipeline.0000.T1T2.T2.7 state: SCHEDULED
[39m[0m[92mUpdate: [39m[0m[94mpipeline.0000.T1T2.T1.8 state: SCHEDULED
[39m[0m[92mUpdate: [39m[0m[94mpipeline.0000.T1T2.T2.13 state: SCHEDULED
[39m[0m[92mUpdate: [39m[0m[92mUpdate: [39m[0m[94mpipeline.0000.T1T2.T1.3 state: SCHEDULED
[39m[0m[94mpipeline.0000.T1T2.T2.12 state: SUBMITTING
[39m[0m[92mUpdate: [39m[0m[92mUpdate: [39m[0m[94mpipeline.0000.T1T2.T2.3 state: SCHEDULED
[39m[0m[94mpipeline.0000.T1T2.T2.2 state: SUBMITTING
[39m[0m[92mUpdate: [39m[0m[94mpipeline.0000.T1T2.T2.8 state: SCHEDULED
[39m[0m[92mUpdate: [39m[0m[94mpipeline.0000.T1T2.T1.13 state: SUBMITTING
[39m[0m[92mUpdate: [39m[0m[94mpipeline.0000.T1T2.T1.14 state: SCHEDULED
[39m[0m[92mUpdate: [39m[0m[94mpipeline.0000.T1T2.T1.9 state: SCHEDULED
[39m[0m[92mUpdate: [39m[0m[94mpipeline.0000.T1T2.T2.7 state: SUBMITTING
[39m[0m[92mUpdate: [39m[0m[94mpipeline.0000.T1T2.T1.2 state: SCHEDULED
[39m[0m[92mUpdate: [39m[0m[94mpipeline.0000.T1T2.T2.14 state: SCHEDULED
[39m[0m[92mUpdate: [39m[0m[94mpipeline.0000.T1T2.T1.4 state: SCHEDULED
[39m[0m[92mUpdate: [39m[0m[94mpipeline.0000.T1T2.T2.4 state: SCHEDULED
[39m[0m[92mUpdate: [39m[0m[92mUpdate: [39m[0m[94mpipeline.0000.T1T2.T2.9 state: SCHEDULED
[39m[0m[94mpipeline.0000.T1T2.T1.8 state: SUBMITTING
[39m[0m[92mUpdate: [39m[0m[94mpipeline.0000.T1T2.T1.15 state: SCHEDULED
[39m[0m[92mUpdate: [39m[0m[94mpipeline.0000.T1T2.T1.10 state: SCHEDULED
[39m[0m[92mUpdate: [39m[0m[94mpipeline.0000.T1T2.T2.15 state: SCHEDULED
[39m[0m[92mUpdate: [39m[0m[94mpipeline.0000.T1T2.T1.0 state: SCHEDULED
[39m[0m[92mUpdate: [39m[0m[94mpipeline.0000.T1T2.T1.5 state: SCHEDULED
[39m[0m[92mUpdate: [39m[0m[92mUpdate: [39m[0m[94mpipeline.0000.T1T2.T2.5 state: SCHEDULED
[39m[0m[94mpipeline.0000.T1T2.T2.13 state: SUBMITTING
[39m[0m[92mUpdate: [39m[0m[94mpipeline.0000.T1T2.T2.10 state: SCHEDULED
[39m[0m[92mUpdate: [39m[0m[94mpipeline.0000.T1T2.T2.0 state: SCHEDULED
[39m[0m[92mUpdate: [39m[0m[94mpipeline.0000.T1T2.T1.11 state: SCHEDULED
[39m[0m[92mUpdate: [39m[0m[94mpipeline.0000.T1T2.T1.1 state: SCHEDULED
[39m[0m[92mUpdate: [39m[0m[94mpipeline.0000.T1T2.T1.3 state: SUBMITTING
[39m[0m[92mUpdate: [39m[0m[94mpipeline.0000.T1T2.T1.6 state: SCHEDULED
[39m[0m[92mUpdate: [39m[0m[94mpipeline.0000.T1T2.T2.6 state: SCHEDULED
[39m[0m[92mUpdate: [39m[0m[94mpipeline.0000.T1T2.T2.11 state: SCHEDULED
[39m[0m[92mUpdate: [39m[0m[94mpipeline.0000.T1T2.T2.1 state: SCHEDULED
[39m[0m[92mUpdate: [39m[0m[92mUpdate: [39m[0m[94mpipeline.0000.T1T2.T2.3 state: SUBMITTING
[39m[0m[94mpipeline.0000.T1T2.T1.12 state: SCHEDULED
[39m[0m[92mUpdate: [39m[0m[94mpipeline.0000.T1T2 state: SCHEDULED
[39m[0m[92mUpdate: [39m[0m[94mpipeline.0000.T1T2.T2.8 state: SUBMITTING
[39m[0m[92mUpdate: [39m[0m[94mpipeline.0000.T1T2.T1.14 state: SUBMITTING
[39m[0m[92mUpdate: [39m[0m[94mpipeline.0000.T1T2.T1.9 state: SUBMITTING
[39m[0msubmit: [39m[0m#[39m[0m#[39m[0m#[39m[0m#[39m[0m#[39m[0m#[39m[0m#[39m[0m#[39m[0m#[39m[0m#[39m[0m#[39m[0m#[39m[0m#[39m[0m#[39m[0m#[39m[0m#[39m[0m#[39m[0m#[39m[0m#[39m[0m#[39m[0m#[39m[0m#[39m[0m#[39m[0m#[39m[0m#[39m[0m#[39m[0m#[39m[0m#[39m[0m#[39m[0m#[39m[0m#[39m[0m#[39m[0m#[39m[0m#[39m[0m#[39m[0m#[39m[0m#[39m[0m#[39m[0m#[39m[0m#[39m[0m#[39m[0m#[39m[0m#[39m[0m#[39m[0m#[39m[0m#[39m[0m#[39m[0m#[39m[0m#[39m[0m#[39m[0m#[39m[0m#[39m[0m#[39m[0m#[39m[0m#[39m[0m#[39m[0m#[39m[0m#[39m[0m#[39m[0m#[39m[0m#[39m[0m#[39m[0m#[39m[0m#[39m[0m#[39m[0m#[39m[0m#[39m[0m#[39m[0m#[39m[0m#[39m[0m#[39m[0m#[39m[0m
[39m[0m[92mUpdate: [39m[0m[94mpipeline.0000.T1T2.T1.2 state: SUBMITTING
[39m[0m[92mUpdate: [39m[0m[94mpipeline.0000.T1T2.T2.14 state: SUBMITTING
[39m[0m[92mUpdate: [39m[0m[94mpipeline.0000.T1T2.T1.4 state: SUBMITTING
[39m[0m[92mUpdate: [39m[0m[94mpipeline.0000.T1T2.T2.4 state: SUBMITTING
[39m[0m[92mUpdate: [39m[0m[94mpipeline.0000.T1T2.T2.9 state: SUBMITTING
[39m[0m[92mUpdate: [39m[0m[94mpipeline.0000.T1T2.T1.15 state: SUBMITTING
[39m[0m[92mUpdate: [39m[0m[94mpipeline.0000.T1T2.T1.10 state: SUBMITTING
[39m[0m[92mUpdate: [39m[0m[94mpipeline.0000.T1T2.T2.15 state: SUBMITTING
[39m[0m[92mUpdate: [39m[0m[94mpipeline.0000.T1T2.T1.0 state: SUBMITTING
[39m[0m[92mUpdate: [39m[0m[94mpipeline.0000.T1T2.T1.5 state: SUBMITTING
[39m[0m[92mUpdate: [39m[0m[94mpipeline.0000.T1T2.T2.5 state: SUBMITTING
[39m[0m[92mUpdate: [39m[0m[94mpipeline.0000.T1T2.T2.10 state: SUBMITTING
[39m[0m[92mUpdate: [39m[0m[94mpipeline.0000.T1T2.T2.0 state: SUBMITTING
[39m[0m[92mUpdate: [39m[0m[94mpipeline.0000.T1T2.T1.11 state: SUBMITTING
[39m[0m[92mUpdate: [39m[0m[94mpipeline.0000.T1T2.T1.1 state: SUBMITTING
[39m[0m[92mUpdate: [39m[0m[94mpipeline.0000.T1T2.T1.6 state: SUBMITTING
[39m[0m[92mUpdate: [39m[0m[94mpipeline.0000.T1T2.T2.6 state: SUBMITTING
[39m[0m[92mUpdate: [39m[0m[94mpipeline.0000.T1T2.T2.11 state: SUBMITTING
[39m[0m[92mUpdate: [39m[0m[94mpipeline.0000.T1T2.T2.1 state: SUBMITTING
[39m[0m[92mUpdate: [39m[0m[94mpipeline.0000.T1T2.T1.12 state: SUBMITTING
[39m[0m[92mUpdate: [39m[0m[94mpipeline.0000.T1T2.T1.7 state: EXECUTED
[39m[0m[92mUpdate: [39m[0m[94mpipeline.0000.T1T2.T1.7 state: DONE
[39m[0m[92mUpdate: [39m[0m[94mpipeline.0000.T1T2.T2.12 state: EXECUTED
[39m[0m[92mUpdate: [39m[0m[94mpipeline.0000.T1T2.T1.13 state: EXECUTED
[39m[0m[92mUpdate: [39m[0m[94mpipeline.0000.T1T2.T2.12 state: DONE
[39m[0m[92mUpdate: [39m[0m[94mpipeline.0000.T1T2.T1.13 state: DONE
[39m[0m[92mUpdate: [39m[0m[94mpipeline.0000.T1T2.T1.8 state: EXECUTED
[39m[0m[92mUpdate: [39m[0m[94mpipeline.0000.T1T2.T2.13 state: EXECUTED
[39m[0m[92mUpdate: [39m[0m[94mpipeline.0000.T1T2.T1.8 state: DONE
[39m[0m[92mUpdate: [39m[0m[94mpipeline.0000.T1T2.T1.3 state: EXECUTED
[39m[0m[92mUpdate: [39m[0m[94mpipeline.0000.T1T2.T2.13 state: DONE
[39m[0m[92mUpdate: [39m[0m[94mpipeline.0000.T1T2.T1.14 state: EXECUTED
[39m[0m[92mUpdate: [39m[0m[94mpipeline.0000.T1T2.T1.3 state: DONE
[39m[0m[92mUpdate: [39m[0m[94mpipeline.0000.T1T2.T1.9 state: EXECUTED
[39m[0m[92mUpdate: [39m[0m[94mpipeline.0000.T1T2.T1.14 state: DONE
[39m[0m[92mUpdate: [39m[0m[94mpipeline.0000.T1T2.T1.9 state: DONE
[39m[0m[92mUpdate: [39m[0m[94mpipeline.0000.T1T2.T2.4 state: EXECUTED
[39m[0m[92mUpdate: [39m[0m[94mpipeline.0000.T1T2.T1.15 state: EXECUTED
[39m[0m[92mUpdate: [39m[0m[94mpipeline.0000.T1T2.T2.4 state: DONE
[39m[0m[92mUpdate: [39m[0m[94mpipeline.0000.T1T2.T1.15 state: DONE
[39m[0m[92mUpdate: [39m[0m[94mpipeline.0000.T1T2.T2.15 state: EXECUTED
[39m[0m[92mUpdate: [39m[0m[94mpipeline.0000.T1T2.T2.15 state: DONE
[39m[0m[92mUpdate: [39m[0m[94mpipeline.0000.T1T2.T2.2 state: DONE
[39m[0m[92mUpdate: [39m[0m[94mpipeline.0000.T1T2.T2.7 state: DONE
[39m[0m[92mUpdate: [39m[0m[94mpipeline.0000.T1T2.T2.3 state: DONE
[39m[0m[92mUpdate: [39m[0m[94mpipeline.0000.T1T2.T2.8 state: DONE
[39m[0m[92mUpdate: [39m[0m[94mpipeline.0000.T1T2.T1.2 state: DONE
[39m[0m[92mUpdate: [39m[0m[94mpipeline.0000.T1T2.T2.14 state: DONE
[39m[0m[92mUpdate: [39m[0m[94mpipeline.0000.T1T2.T1.4 state: DONE
[39m[0m[92mUpdate: [39m[0m[94mpipeline.0000.T1T2.T2.9 state: DONE
[39m[0m[92mUpdate: [39m[0m[94mpipeline.0000.T1T2.T1.10 state: DONE
[39m[0m[92mUpdate: [39m[0m[94mpipeline.0000.T1T2.T1.0 state: DONE
[39m[0m[92mUpdate: [39m[0m[94mpipeline.0000.T1T2.T2.10 state: DONE
[39m[0m[92mUpdate: [39m[0m[94mpipeline.0000.T1T2.T2.11 state: EXECUTED
[39m[0m[92mUpdate: [39m[0m[94mpipeline.0000.T1T2.T2.11 state: DONE
[39m[0m[92mUpdate: [39m[0m[94mpipeline.0000.T1T2.T2.1 state: EXECUTED
[39m[0m[92mUpdate: [39m[0m[94mpipeline.0000.T1T2.T2.1 state: DONE
[39m[0m[92mUpdate: [39m[0m[94mpipeline.0000.T1T2.T1.5 state: DONE
[39m[0m[92mUpdate: [39m[0m[94mpipeline.0000.T1T2.T2.5 state: EXECUTED
[39m[0m[92mUpdate: [39m[0m[94mpipeline.0000.T1T2.T2.5 state: DONE
[39m[0m[92mUpdate: [39m[0m[94mpipeline.0000.T1T2.T2.0 state: DONE
[39m[0m[92mUpdate: [39m[0m[94mpipeline.0000.T1T2.T1.11 state: DONE
[39m[0m[92mUpdate: [39m[0m[94mpipeline.0000.T1T2.T1.6 state: EXECUTED
[39m[0m[92mUpdate: [39m[0m[94mpipeline.0000.T1T2.T1.6 state: DONE
[39m[0m[92mUpdate: [39m[0m[94mpipeline.0000.T1T2.T2.6 state: DONE
[39m[0m[92mUpdate: [39m[0m[94mpipeline.0000.T1T2.T1.12 state: DONE
[39m[0m[92mUpdate: [39m[0m[94mpipeline.0000.T1T2.T1.1 state: DONE
[39m[0m[92mUpdate: [39m[0m[94mpipeline.0000.T1T2 state: DONE
[39m[0m[92mUpdate: [39m[0m[94mpipeline.0000.T3T6 state: SCHEDULING
[39m[0m[92mUpdate: [39m[0m[94mpipeline.0000.T3T6.T3.6 state: SCHEDULING
[39m[0m[92mUpdate: [39m[0m[94mpipeline.0000.T3T6.T5.3 state: SCHEDULING
[39m[0m[92mUpdate: [39m[0m[94mpipeline.0000.T3T6.T3.1 state: SCHEDULING
[39m[0m[92mUpdate: [39m[0m[94mpipeline.0000.T3T6.T4.6 state: SCHEDULING
[39m[0m[92mUpdate: [39m[0m[94mpipeline.0000.T3T6.T4.1 state: SCHEDULING
[39m[0m[92mUpdate: [39m[0m[94mpipeline.0000.T3T6.T3.7 state: SCHEDULING
[39m[0m[92mUpdate: [39m[0m[94mpipeline.0000.T3T6.T6.4 state: SCHEDULING
[39m[0m[92mUpdate: [39m[0m[94mpipeline.0000.T3T6.T5.4 state: SCHEDULING
[39m[0m[92mUpdate: [39m[0m[94mpipeline.0000.T3T6.T3.2 state: SCHEDULING
[39m[0m[92mUpdate: [39m[0m[94mpipeline.0000.T3T6.T4.7 state: SCHEDULING
[39m[0m[92mUpdate: [39m[0m[94mpipeline.0000.T3T6.T4.2 state: SCHEDULING
[39m[0m[92mUpdate: [39m[0m[94mpipeline.0000.T3T6.T6.0 state: SCHEDULING
[39m[0m[92mUpdate: [39m[0m[94mpipeline.0000.T3T6.T6.5 state: SCHEDULING
[39m[0m[92mUpdate: [39m[0m[94mpipeline.0000.T3T6.T4.5 state: SCHEDULING
[39m[0m[92mUpdate: [39m[0m[94mpipeline.0000.T3T6.T5.5 state: SCHEDULING
[39m[0m[92mUpdate: [39m[0m[94mpipeline.0000.T3T6.T3.3 state: SCHEDULING
[39m[0m[92mUpdate: [39m[0m[94mpipeline.0000.T3T6.T5.0 state: SCHEDULING
[39m[0m[92mUpdate: [39m[0m[94mpipeline.0000.T3T6.T4.3 state: SCHEDULING
[39m[0m[92mUpdate: [39m[0m[94mpipeline.0000.T3T6.T6.1 state: SCHEDULING
[39m[0m[92mUpdate: [39m[0m[94mpipeline.0000.T3T6.T6.6 state: SCHEDULING
[39m[0m[92mUpdate: [39m[0m[94mpipeline.0000.T3T6.T5.6 state: SCHEDULING
[39m[0m[92mUpdate: [39m[0m[94mpipeline.0000.T3T6.T3.4 state: SCHEDULING
[39m[0m[92mUpdate: [39m[0m[94mpipeline.0000.T3T6.T5.1 state: SCHEDULING
[39m[0m[92mUpdate: [39m[0m[94mpipeline.0000.T3T6.T4.0 state: SCHEDULING
[39m[0m[92mUpdate: [39m[0m[94mpipeline.0000.T3T6.T4.4 state: SCHEDULING
[39m[0m[92mUpdate: [39m[0m[94mpipeline.0000.T3T6.T6.2 state: SCHEDULING
[39m[0m[92mUpdate: [39m[0m[94mpipeline.0000.T3T6.T6.7 state: SCHEDULING
[39m[0m[92mUpdate: [39m[0m[94mpipeline.0000.T3T6.T5.7 state: SCHEDULING
[39m[0m[92mUpdate: [39m[0m[94mpipeline.0000.T3T6.T3.5 state: SCHEDULING
[39m[0m[92mUpdate: [39m[0m[94mpipeline.0000.T3T6.T5.2 state: SCHEDULING
[39m[0m[92mUpdate: [39m[0m[94mpipeline.0000.T3T6.T3.0 state: SCHEDULING
[39m[0m[92mUpdate: [39m[0m[94mpipeline.0000.T3T6.T6.3 state: SCHEDULING
[39m[0m[92mUpdate: [39m[0m[94mpipeline.0000.T3T6.T3.6 state: SCHEDULED
[39m[0m[92mUpdate: [39m[0m[94mpipeline.0000.T3T6.T5.3 state: SCHEDULED
[39m[0m[92mUpdate: [39m[0m[94mpipeline.0000.T3T6.T3.1 state: SCHEDULED
[39m[0m[92mUpdate: [39m[0m[94mpipeline.0000.T3T6.T4.6 state: SCHEDULED
[39m[0m[92mUpdate: [39m[0m[94mpipeline.0000.T3T6.T4.1 state: SCHEDULED
[39m[0m[92mUpdate: [39m[0m[94mpipeline.0000.T3T6.T3.7 state: SCHEDULED
[39m[0m[92mUpdate: [39m[0m[94mpipeline.0000.T3T6.T6.4 state: SCHEDULED
[39m[0m[92mUpdate: [39m[0m[94mpipeline.0000.T3T6.T5.4 state: SCHEDULED
[39m[0m[92mUpdate: [39m[0m[94mpipeline.0000.T3T6.T3.2 state: SCHEDULED
[39m[0m[92mUpdate: [39m[0m[94mpipeline.0000.T3T6.T4.7 state: SCHEDULED
[39m[0m[92mUpdate: [39m[0m[94mpipeline.0000.T3T6.T4.2 state: SCHEDULED
[39m[0m[92mUpdate: [39m[0m[94mpipeline.0000.T3T6.T6.0 state: SCHEDULED
[39m[0m[92mUpdate: [39m[0m[92mUpdate: [39m[0m[94mpipeline.0000.T3T6.T3.6 state: SUBMITTING
[39m[0m[94mpipeline.0000.T3T6.T6.5 state: SCHEDULED
[39m[0m[92mUpdate: [39m[0m[94mpipeline.0000.T3T6.T4.5 state: SCHEDULED
[39m[0m[92mUpdate: [39m[0m[94mpipeline.0000.T3T6.T5.5 state: SCHEDULED
[39m[0m[92mUpdate: [39m[0m[94mpipeline.0000.T3T6.T3.3 state: SCHEDULED
[39m[0m[92mUpdate: [39m[0m[94mpipeline.0000.T3T6.T5.0 state: SCHEDULED
[39m[0m[92mUpdate: [39m[0m[94mpipeline.0000.T3T6.T4.3 state: SCHEDULED
[39m[0m[92mUpdate: [39m[0m[94mpipeline.0000.T3T6.T6.1 state: SCHEDULED
[39m[0m[92mUpdate: [39m[0m[92mUpdate: [39m[0m[94mpipeline.0000.T3T6.T5.3 state: SUBMITTING
[39m[0m[94mpipeline.0000.T3T6.T6.6 state: SCHEDULED
[39m[0m[92mUpdate: [39m[0m[94mpipeline.0000.T3T6.T5.6 state: SCHEDULED
[39m[0m[92mUpdate: [39m[0m[94mpipeline.0000.T3T6.T3.4 state: SCHEDULED
[39m[0m[92mUpdate: [39m[0m[94mpipeline.0000.T3T6.T5.1 state: SCHEDULED
[39m[0m[92mUpdate: [39m[0m[94mpipeline.0000.T3T6.T4.0 state: SCHEDULED
[39m[0m[92mUpdate: [39m[0m[94mpipeline.0000.T3T6.T4.4 state: SCHEDULED
[39m[0m[92mUpdate: [39m[0m[94mpipeline.0000.T3T6.T6.2 state: SCHEDULED
[39m[0m[92mUpdate: [39m[0m[94mpipeline.0000.T3T6.T6.7 state: SCHEDULED
[39m[0m[92mUpdate: [39m[0m[94mpipeline.0000.T3T6.T5.7 state: SCHEDULED
[39m[0m[92mUpdate: [39m[0m[94mpipeline.0000.T3T6.T3.1 state: SUBMITTING
[39m[0m[92mUpdate: [39m[0m[94mpipeline.0000.T3T6.T3.5 state: SCHEDULED
[39m[0m[92mUpdate: [39m[0m[94mpipeline.0000.T3T6.T4.6 state: SUBMITTING
[39m[0m[92mUpdate: [39m[0m[94mpipeline.0000.T3T6.T5.2 state: SCHEDULED
[39m[0m[92mUpdate: [39m[0m[94mpipeline.0000.T3T6.T3.0 state: SCHEDULED
[39m[0m[92mUpdate: [39m[0m[92mUpdate: [39m[0m[94mpipeline.0000.T3T6.T4.1 state: SUBMITTING
[39m[0m[94mpipeline.0000.T3T6.T6.3 state: SCHEDULED
[39m[0m[92mUpdate: [39m[0m[94mpipeline.0000.T3T6 state: SCHEDULED
[39m[0m[92mUpdate: [39m[0m[94mpipeline.0000.T3T6.T3.7 state: SUBMITTING
[39m[0m[92mUpdate: [39m[0m[94mpipeline.0000.T3T6.T6.4 state: SUBMITTING
[39m[0m[92mUpdate: [39m[0m[94mpipeline.0000.T3T6.T5.4 state: SUBMITTING
[39m[0m[92mUpdate: [39m[0m[94mpipeline.0000.T3T6.T3.2 state: SUBMITTING
[39m[0m[92mUpdate: [39m[0m[94mpipeline.0000.T3T6.T4.7 state: SUBMITTING
[39m[0m[92mUpdate: [39m[0m[94mpipeline.0000.T3T6.T4.2 state: SUBMITTING
[39m[0msubmit: [39m[0m#[39m[0m#[39m[0m#[39m[0m#[39m[0m#[39m[0m#[39m[0m#[39m[0m#[39m[0m#[39m[0m#[39m[0m#[39m[0m#[39m[0m#[39m[0m#[39m[0m#[39m[0m#[39m[0m#[39m[0m#[39m[0m#[39m[0m#[39m[0m#[39m[0m#[39m[0m#[39m[0m#[39m[0m#[39m[0m#[39m[0m#[39m[0m#[39m[0m#[39m[0m#[39m[0m#[39m[0m[92mUpdate: [39m[0m#[39m[0m[94mpipeline.0000.T3T6.T6.0 state: SUBMITTING
[39m[0m#[39m[0m#[39m[0m#[39m[0m#[39m[0m#[39m[0m#[39m[0m#[39m[0m#[39m[0m#[39m[0m#[39m[0m#[39m[0m#[39m[0m#[39m[0m#[39m[0m#[39m[0m#[39m[0m#[39m[0m#[39m[0m#[39m[0m#[39m[0m#[39m[0m#[39m[0m#[39m[0m#[39m[0m#[39m[0m#[39m[0m#[39m[0m#[39m[0m#[39m[0m#[39m[0m#[39m[0m#[39m[0m#[39m[0m#[39m[0m#[39m[0m#[39m[0m#[39m[0m#[39m[0m#[39m[0m#[39m[0m
[39m[0m[92mUpdate: [39m[0m[94mpipeline.0000.T3T6.T6.5 state: SUBMITTING
[39m[0m[92mUpdate: [39m[0m[94mpipeline.0000.T3T6.T4.5 state: SUBMITTING
[39m[0m[92mUpdate: [39m[0m[94mpipeline.0000.T3T6.T5.5 state: SUBMITTING
[39m[0m[92mUpdate: [39m[0m[94mpipeline.0000.T3T6.T3.3 state: SUBMITTING
[39m[0m[92mUpdate: [39m[0m[94mpipeline.0000.T3T6.T5.0 state: SUBMITTING
[39m[0m[92mUpdate: [39m[0m[94mpipeline.0000.T3T6.T4.3 state: SUBMITTING
[39m[0m[92mUpdate: [39m[0m[94mpipeline.0000.T3T6.T6.1 state: SUBMITTING
[39m[0m[92mUpdate: [39m[0m[94mpipeline.0000.T3T6.T6.6 state: SUBMITTING
[39m[0m[92mUpdate: [39m[0m[94mpipeline.0000.T3T6.T5.6 state: SUBMITTING
[39m[0m[92mUpdate: [39m[0m[94mpipeline.0000.T3T6.T3.4 state: SUBMITTING
[39m[0m[92mUpdate: [39m[0m[94mpipeline.0000.T3T6.T5.1 state: SUBMITTING
[39m[0m[92mUpdate: [39m[0m[94mpipeline.0000.T3T6.T4.0 state: SUBMITTING
[39m[0m[92mUpdate: [39m[0m[94mpipeline.0000.T3T6.T4.4 state: SUBMITTING
[39m[0m[92mUpdate: [39m[0m[94mpipeline.0000.T3T6.T6.2 state: SUBMITTING
[39m[0m[92mUpdate: [39m[0m[94mpipeline.0000.T3T6.T6.7 state: SUBMITTING
[39m[0m[92mUpdate: [39m[0m[94mpipeline.0000.T3T6.T5.7 state: SUBMITTING
[39m[0m[92mUpdate: [39m[0m[94mpipeline.0000.T3T6.T3.5 state: SUBMITTING
[39m[0m[92mUpdate: [39m[0m[94mpipeline.0000.T3T6.T5.2 state: SUBMITTING
[39m[0m[92mUpdate: [39m[0m[94mpipeline.0000.T3T6.T3.0 state: SUBMITTING
[39m[0m[92mUpdate: [39m[0m[94mpipeline.0000.T3T6.T6.3 state: SUBMITTING
[39m[0m[92mUpdate: [39m[0m[94mpipeline.0000.T3T6.T3.7 state: DONE
[39m[0m[92mUpdate: [39m[0m[94mpipeline.0000.T3T6.T6.4 state: DONE
[39m[0m[92mUpdate: [39m[0m[94mpipeline.0000.T3T6.T3.2 state: DONE
[39m[0m[92mUpdate: [39m[0m[94mpipeline.0000.T3T6.T6.0 state: EXECUTED
[39m[0m[92mUpdate: [39m[0m[94mpipeline.0000.T3T6.T6.0 state: DONE
[39m[0m[92mUpdate: [39m[0m[94mpipeline.0000.T3T6.T6.5 state: DONE
[39m[0m[92mUpdate: [39m[0m[94mpipeline.0000.T3T6.T3.3 state: EXECUTED
[39m[0m[92mUpdate: [39m[0m[94mpipeline.0000.T3T6.T3.3 state: DONE
[39m[0m[92mUpdate: [39m[0m[94mpipeline.0000.T3T6.T6.6 state: EXECUTED
[39m[0m[92mUpdate: [39m[0m[94mpipeline.0000.T3T6.T6.6 state: DONE
[39m[0m[92mUpdate: [39m[0m[94mpipeline.0000.T3T6.T6.2 state: EXECUTED
[39m[0m[92mUpdate: [39m[0m[94mpipeline.0000.T3T6.T6.2 state: DONE
[39m[0m[92mUpdate: [39m[0m[94mpipeline.0000.T3T6.T3.6 state: DONE
[39m[0m[92mUpdate: [39m[0m[94mpipeline.0000.T3T6.T3.1 state: DONE
[39m[0m[92mUpdate: [39m[0m[94mpipeline.0000.T3T6.T6.1 state: DONE
[39m[0m[92mUpdate: [39m[0m[94mpipeline.0000.T3T6.T3.4 state: DONE
[39m[0m[92mUpdate: [39m[0m[94mpipeline.0000.T3T6.T6.7 state: DONE
[39m[0m[92mUpdate: [39m[0m[94mpipeline.0000.T3T6.T3.5 state: DONE
[39m[0m[92mUpdate: [39m[0m[94mpipeline.0000.T3T6.T3.0 state: DONE
[39m[0m[92mUpdate: [39m[0m[94mpipeline.0000.T3T6.T6.3 state: DONE
[39m[0m[92mUpdate: [39m[0m[94mpipeline.0000.T3T6.T5.3 state: DONE
[39m[0m[92mUpdate: [39m[0m[94mpipeline.0000.T3T6.T4.6 state: DONE
[39m[0m[92mUpdate: [39m[0m[94mpipeline.0000.T3T6.T4.1 state: DONE
[39m[0m[92mUpdate: [39m[0m[94mpipeline.0000.T3T6.T5.4 state: DONE
[39m[0m[92mUpdate: [39m[0m[94mpipeline.0000.T3T6.T4.2 state: DONE
[39m[0m[92mUpdate: [39m[0m[94mpipeline.0000.T3T6.T4.5 state: DONE
[39m[0m[92mUpdate: [39m[0m[94mpipeline.0000.T3T6.T5.0 state: DONE
[39m[0m[92mUpdate: [39m[0m[94mpipeline.0000.T3T6.T4.3 state: DONE
[39m[0m[92mUpdate: [39m[0m[94mpipeline.0000.T3T6.T4.7 state: DONE
[39m[0m[92mUpdate: [39m[0m[94mpipeline.0000.T3T6.T5.5 state: DONE
[39m[0m[92mUpdate: [39m[0m[94mpipeline.0000.T3T6.T5.6 state: DONE
[39m[0m[92mUpdate: [39m[0m[94mpipeline.0000.T3T6.T5.1 state: DONE
[39m[0m[92mUpdate: [39m[0m[94mpipeline.0000.T3T6.T4.0 state: DONE
[39m[0m[92mUpdate: [39m[0m[94mpipeline.0000.T3T6.T4.4 state: DONE
[39m[0m[92mUpdate: [39m[0m[94mpipeline.0000.T3T6.T5.7 state: DONE
[39m[0m[92mUpdate: [39m[0m[94mpipeline.0000.T3T6.T5.2 state: EXECUTED
[39m[0m[92mUpdate: [39m[0m[94mpipeline.0000.T3T6.T5.2 state: DONE
[39m[0m[92mUpdate: [39m[0m[94mpipeline.0000.T3T6 state: DONE
[39m[0m[92mUpdate: [39m[0m[94mpipeline.0000.T7 state: SCHEDULING
[39m[0m[92mUpdate: [39m[0m[94mpipeline.0000.T7.T7.21 state: SCHEDULING
[39m[0m[92mUpdate: [39m[0m[94mpipeline.0000.T7.T7.42 state: SCHEDULING
[39m[0m[92mUpdate: [39m[0m[94mpipeline.0000.T7.T7.63 state: SCHEDULING
[39m[0m[92mUpdate: [39m[0m[94mpipeline.0000.T7.T7.84 state: SCHEDULING
[39m[0m[92mUpdate: [39m[0m[94mpipeline.0000.T7.T7.1 state: SCHEDULING
[39m[0m[92mUpdate: [39m[0m[94mpipeline.0000.T7.T7.22 state: SCHEDULING
[39m[0m[92mUpdate: [39m[0m[94mpipeline.0000.T7.T7.43 state: SCHEDULING
[39m[0m[92mUpdate: [39m[0m[94mpipeline.0000.T7.T7.64 state: SCHEDULING
[39m[0m[92mUpdate: [39m[0m[94mpipeline.0000.T7.T7.85 state: SCHEDULING
[39m[0m[92mUpdate: [39m[0m[94mpipeline.0000.T7.T7.2 state: SCHEDULING
[39m[0m[92mUpdate: [39m[0m[94mpipeline.0000.T7.T7.23 state: SCHEDULING
[39m[0m[92mUpdate: [39m[0m[94mpipeline.0000.T7.T7.44 state: SCHEDULING
[39m[0m[92mUpdate: [39m[0m[94mpipeline.0000.T7.T7.65 state: SCHEDULING
[39m[0m[92mUpdate: [39m[0m[94mpipeline.0000.T7.T7.86 state: SCHEDULING
[39m[0m[92mUpdate: [39m[0m[94mpipeline.0000.T7.T7.83 state: SCHEDULING
[39m[0m[92mUpdate: [39m[0m[94mpipeline.0000.T7.T7.3 state: SCHEDULING
[39m[0m[92mUpdate: [39m[0m[94mpipeline.0000.T7.T7.24 state: SCHEDULING
[39m[0m[92mUpdate: [39m[0m[94mpipeline.0000.T7.T7.45 state: SCHEDULING
[39m[0m[92mUpdate: [39m[0m[94mpipeline.0000.T7.T7.66 state: SCHEDULING
[39m[0m[92mUpdate: [39m[0m[94mpipeline.0000.T7.T7.87 state: SCHEDULING
[39m[0m[92mUpdate: [39m[0m[94mpipeline.0000.T7.T7.4 state: SCHEDULING
[39m[0m[92mUpdate: [39m[0m[94mpipeline.0000.T7.T7.25 state: SCHEDULING
[39m[0m[92mUpdate: [39m[0m[94mpipeline.0000.T7.T7.46 state: SCHEDULING
[39m[0m[92mUpdate: [39m[0m[94mpipeline.0000.T7.T7.67 state: SCHEDULING
[39m[0m[92mUpdate: [39m[0m[94mpipeline.0000.T7.T7.88 state: SCHEDULING
[39m[0m[92mUpdate: [39m[0m[94mpipeline.0000.T7.T7.5 state: SCHEDULING
[39m[0m[92mUpdate: [39m[0m[94mpipeline.0000.T7.T7.26 state: SCHEDULING
[39m[0m[92mUpdate: [39m[0m[94mpipeline.0000.T7.T7.47 state: SCHEDULING
[39m[0m[92mUpdate: [39m[0m[94mpipeline.0000.T7.T7.68 state: SCHEDULING
[39m[0m[92mUpdate: [39m[0m[94mpipeline.0000.T7.T7.89 state: SCHEDULING
[39m[0m[92mUpdate: [39m[0m[94mpipeline.0000.T7.T7.6 state: SCHEDULING
[39m[0m[92mUpdate: [39m[0m[94mpipeline.0000.T7.T7.41 state: SCHEDULING
[39m[0m[92mUpdate: [39m[0m[94mpipeline.0000.T7.T7.27 state: SCHEDULING
[39m[0m[92mUpdate: [39m[0m[94mpipeline.0000.T7.T7.48 state: SCHEDULING
[39m[0m[92mUpdate: [39m[0m[94mpipeline.0000.T7.T7.69 state: SCHEDULING
[39m[0m[92mUpdate: [39m[0m[94mpipeline.0000.T7.T7.90 state: SCHEDULING
[39m[0m[92mUpdate: [39m[0m[94mpipeline.0000.T7.T7.7 state: SCHEDULING
[39m[0m[92mUpdate: [39m[0m[94mpipeline.0000.T7.T7.28 state: SCHEDULING
[39m[0m[92mUpdate: [39m[0m[94mpipeline.0000.T7.T7.49 state: SCHEDULING
[39m[0m[92mUpdate: [39m[0m[94mpipeline.0000.T7.T7.70 state: SCHEDULING
[39m[0m[92mUpdate: [39m[0m[94mpipeline.0000.T7.T7.91 state: SCHEDULING
[39m[0m[92mUpdate: [39m[0m[94mpipeline.0000.T7.T7.8 state: SCHEDULING
[39m[0m[92mUpdate: [39m[0m[94mpipeline.0000.T7.T7.29 state: SCHEDULING
[39m[0m[92mUpdate: [39m[0m[94mpipeline.0000.T7.T7.50 state: SCHEDULING
[39m[0m[92mUpdate: [39m[0m[94mpipeline.0000.T7.T7.71 state: SCHEDULING
[39m[0m[92mUpdate: [39m[0m[94mpipeline.0000.T7.T7.92 state: SCHEDULING
[39m[0m[92mUpdate: [39m[0m[94mpipeline.0000.T7.T7.9 state: SCHEDULING
[39m[0m[92mUpdate: [39m[0m[94mpipeline.0000.T7.T7.72 state: SCHEDULING
[39m[0m[92mUpdate: [39m[0m[94mpipeline.0000.T7.T7.51 state: SCHEDULING
[39m[0m[92mUpdate: [39m[0m[94mpipeline.0000.T7.T7.30 state: SCHEDULING
[39m[0m[92mUpdate: [39m[0m[94mpipeline.0000.T7.T7.93 state: SCHEDULING
[39m[0m[92mUpdate: [39m[0m[94mpipeline.0000.T7.T7.10 state: SCHEDULING
[39m[0m[92mUpdate: [39m[0m[94mpipeline.0000.T7.T7.31 state: SCHEDULING
[39m[0m[92mUpdate: [39m[0m[94mpipeline.0000.T7.T7.52 state: SCHEDULING
[39m[0m[92mUpdate: [39m[0m[94mpipeline.0000.T7.T7.73 state: SCHEDULING
[39m[0m[92mUpdate: [39m[0m[94mpipeline.0000.T7.T7.94 state: SCHEDULING
[39m[0m[92mUpdate: [39m[0m[94mpipeline.0000.T7.T7.11 state: SCHEDULING
[39m[0m[92mUpdate: [39m[0m[94mpipeline.0000.T7.T7.32 state: SCHEDULING
[39m[0m[92mUpdate: [39m[0m[94mpipeline.0000.T7.T7.53 state: SCHEDULING
[39m[0m[92mUpdate: [39m[0m[94mpipeline.0000.T7.T7.74 state: SCHEDULING
[39m[0m[92mUpdate: [39m[0m[94mpipeline.0000.T7.T7.95 state: SCHEDULING
[39m[0m[92mUpdate: [39m[0m[94mpipeline.0000.T7.T7.12 state: SCHEDULING
[39m[0m[92mUpdate: [39m[0m[94mpipeline.0000.T7.T7.33 state: SCHEDULING
[39m[0m[92mUpdate: [39m[0m[94mpipeline.0000.T7.T7.54 state: SCHEDULING
[39m[0m[92mUpdate: [39m[0m[94mpipeline.0000.T7.T7.75 state: SCHEDULING
[39m[0m[92mUpdate: [39m[0m[94mpipeline.0000.T7.T7.13 state: SCHEDULING
[39m[0m[92mUpdate: [39m[0m[94mpipeline.0000.T7.T7.34 state: SCHEDULING
[39m[0m[92mUpdate: [39m[0m[94mpipeline.0000.T7.T7.55 state: SCHEDULING
[39m[0m[92mUpdate: [39m[0m[94mpipeline.0000.T7.T7.76 state: SCHEDULING
[39m[0m[92mUpdate: [39m[0m[94mpipeline.0000.T7.T7.14 state: SCHEDULING
[39m[0m[92mUpdate: [39m[0m[94mpipeline.0000.T7.T7.35 state: SCHEDULING
[39m[0m[92mUpdate: [39m[0m[94mpipeline.0000.T7.T7.56 state: SCHEDULING
[39m[0m[92mUpdate: [39m[0m[94mpipeline.0000.T7.T7.77 state: SCHEDULING
[39m[0m[92mUpdate: [39m[0m[94mpipeline.0000.T7.T7.15 state: SCHEDULING
[39m[0m[92mUpdate: [39m[0m[94mpipeline.0000.T7.T7.36 state: SCHEDULING
[39m[0m[92mUpdate: [39m[0m[94mpipeline.0000.T7.T7.57 state: SCHEDULING
[39m[0m[92mUpdate: [39m[0m[94mpipeline.0000.T7.T7.78 state: SCHEDULING
[39m[0m[92mUpdate: [39m[0m[94mpipeline.0000.T7.T7.16 state: SCHEDULING
[39m[0m[92mUpdate: [39m[0m[94mpipeline.0000.T7.T7.37 state: SCHEDULING
[39m[0m[92mUpdate: [39m[0m[94mpipeline.0000.T7.T7.58 state: SCHEDULING
[39m[0m[92mUpdate: [39m[0m[94mpipeline.0000.T7.T7.79 state: SCHEDULING
[39m[0m[92mUpdate: [39m[0m[94mpipeline.0000.T7.T7.17 state: SCHEDULING
[39m[0m[92mUpdate: [39m[0m[94mpipeline.0000.T7.T7.38 state: SCHEDULING
[39m[0m[92mUpdate: [39m[0m[94mpipeline.0000.T7.T7.59 state: SCHEDULING
[39m[0m[92mUpdate: [39m[0m[94mpipeline.0000.T7.T7.80 state: SCHEDULING
[39m[0m[92mUpdate: [39m[0m[94mpipeline.0000.T7.T7.20 state: SCHEDULING
[39m[0m[92mUpdate: [39m[0m[94mpipeline.0000.T7.T7.18 state: SCHEDULING
[39m[0m[92mUpdate: [39m[0m[94mpipeline.0000.T7.T7.39 state: SCHEDULING
[39m[0m[92mUpdate: [39m[0m[94mpipeline.0000.T7.T7.60 state: SCHEDULING
[39m[0m[92mUpdate: [39m[0m[94mpipeline.0000.T7.T7.81 state: SCHEDULING
[39m[0m[92mUpdate: [39m[0m[94mpipeline.0000.T7.T7.19 state: SCHEDULING
[39m[0m[92mUpdate: [39m[0m[94mpipeline.0000.T7.T7.40 state: SCHEDULING
[39m[0m[92mUpdate: [39m[0m[94mpipeline.0000.T7.T7.61 state: SCHEDULING
[39m[0m[92mUpdate: [39m[0m[94mpipeline.0000.T7.T7.82 state: SCHEDULING
[39m[0m[92mUpdate: [39m[0m[94mpipeline.0000.T7.T7.0 state: SCHEDULING
[39m[0m[92mUpdate: [39m[0m[94mpipeline.0000.T7.T7.62 state: SCHEDULING
[39m[0m[92mUpdate: [39m[0m[94mpipeline.0000.T7.T7.21 state: SCHEDULED
[39m[0m[92mUpdate: [39m[0m[94mpipeline.0000.T7.T7.42 state: SCHEDULED
[39m[0m[92mUpdate: [39m[0m[94mpipeline.0000.T7.T7.63 state: SCHEDULED
[39m[0m[92mUpdate: [39m[0m[94mpipeline.0000.T7.T7.84 state: SCHEDULED
[39m[0m[92mUpdate: [39m[0m[94mpipeline.0000.T7.T7.1 state: SCHEDULED
[39m[0m[92mUpdate: [39m[0m[94mpipeline.0000.T7.T7.22 state: SCHEDULED
[39m[0m[92mUpdate: [39m[0m[94mpipeline.0000.T7.T7.43 state: SCHEDULED
[39m[0m[92mUpdate: [39m[0m[94mpipeline.0000.T7.T7.64 state: SCHEDULED
[39m[0m[92mUpdate: [39m[0m[94mpipeline.0000.T7.T7.85 state: SCHEDULED
[39m[0m[92mUpdate: [39m[0m[94mpipeline.0000.T7.T7.2 state: SCHEDULED
[39m[0m[92mUpdate: [39m[0m[94mpipeline.0000.T7.T7.23 state: SCHEDULED
[39m[0m[92mUpdate: [39m[0m[94mpipeline.0000.T7.T7.44 state: SCHEDULED
[39m[0m[92mUpdate: [39m[0m[94mpipeline.0000.T7.T7.65 state: SCHEDULED
[39m[0m[92mUpdate: [39m[0m[94mpipeline.0000.T7.T7.86 state: SCHEDULED
[39m[0m[92mUpdate: [39m[0m[94mpipeline.0000.T7.T7.83 state: SCHEDULED
[39m[0m[92mUpdate: [39m[0m[94mpipeline.0000.T7.T7.3 state: SCHEDULED
[39m[0m[92mUpdate: [39m[0m[94mpipeline.0000.T7.T7.24 state: SCHEDULED
[39m[0m[92mUpdate: [39m[0m[94mpipeline.0000.T7.T7.45 state: SCHEDULED
[39m[0m[92mUpdate: [39m[0m[94mpipeline.0000.T7.T7.66 state: SCHEDULED
[39m[0m[92mUpdate: [39m[0m[94mpipeline.0000.T7.T7.87 state: SCHEDULED
[39m[0m[92mUpdate: [39m[0m[94mpipeline.0000.T7.T7.4 state: SCHEDULED
[39m[0m[92mUpdate: [39m[0m[94mpipeline.0000.T7.T7.25 state: SCHEDULED
[39m[0m[92mUpdate: [39m[0m[94mpipeline.0000.T7.T7.46 state: SCHEDULED
[39m[0m[92mUpdate: [39m[0m[94mpipeline.0000.T7.T7.67 state: SCHEDULED
[39m[0m[92mUpdate: [39m[0m[94mpipeline.0000.T7.T7.88 state: SCHEDULED
[39m[0m[92mUpdate: [39m[0m[94mpipeline.0000.T7.T7.5 state: SCHEDULED
[39m[0m[92mUpdate: [39m[0m[94mpipeline.0000.T7.T7.26 state: SCHEDULED
[39m[0m[92mUpdate: [39m[0m[94mpipeline.0000.T7.T7.47 state: SCHEDULED
[39m[0m[92mUpdate: [39m[0m[92mUpdate: [39m[0m[94mpipeline.0000.T7.T7.68 state: SCHEDULED
[39m[0m[94mpipeline.0000.T7.T7.21 state: SUBMITTING
[39m[0m[92mUpdate: [39m[0m[94mpipeline.0000.T7.T7.89 state: SCHEDULED
[39m[0m[92mUpdate: [39m[0m[94mpipeline.0000.T7.T7.6 state: SCHEDULED
[39m[0m[92mUpdate: [39m[0m[94mpipeline.0000.T7.T7.41 state: SCHEDULED
[39m[0m[92mUpdate: [39m[0m[94mpipeline.0000.T7.T7.27 state: SCHEDULED
[39m[0m[92mUpdate: [39m[0m[94mpipeline.0000.T7.T7.48 state: SCHEDULED
[39m[0m[92mUpdate: [39m[0m[94mpipeline.0000.T7.T7.69 state: SCHEDULED
[39m[0m[92mUpdate: [39m[0m[94mpipeline.0000.T7.T7.90 state: SCHEDULED
[39m[0m[92mUpdate: [39m[0m[94mpipeline.0000.T7.T7.7 state: SCHEDULED
[39m[0m[92mUpdate: [39m[0m[94mpipeline.0000.T7.T7.28 state: SCHEDULED
[39m[0m[92mUpdate: [39m[0m[94mpipeline.0000.T7.T7.49 state: SCHEDULED
[39m[0m[92mUpdate: [39m[0m[94mpipeline.0000.T7.T7.70 state: SCHEDULED
[39m[0m[92mUpdate: [39m[0m[94mpipeline.0000.T7.T7.91 state: SCHEDULED
[39m[0m[92mUpdate: [39m[0m[94mpipeline.0000.T7.T7.8 state: SCHEDULED
[39m[0m[92mUpdate: [39m[0m[94mpipeline.0000.T7.T7.29 state: SCHEDULED
[39m[0m[92mUpdate: [39m[0m[94mpipeline.0000.T7.T7.50 state: SCHEDULED
[39m[0m[92mUpdate: [39m[0m[94mpipeline.0000.T7.T7.71 state: SCHEDULED
[39m[0m[92mUpdate: [39m[0m[94mpipeline.0000.T7.T7.92 state: SCHEDULED
[39m[0m[92mUpdate: [39m[0m[94mpipeline.0000.T7.T7.9 state: SCHEDULED
[39m[0m[92mUpdate: [39m[0m[94mpipeline.0000.T7.T7.72 state: SCHEDULED
[39m[0m[92mUpdate: [39m[0m[94mpipeline.0000.T7.T7.51 state: SCHEDULED
[39m[0m[92mUpdate: [39m[0m[94mpipeline.0000.T7.T7.30 state: SCHEDULED
[39m[0m[92mUpdate: [39m[0m[94mpipeline.0000.T7.T7.93 state: SCHEDULED
[39m[0m[92mUpdate: [39m[0m[94mpipeline.0000.T7.T7.10 state: SCHEDULED
[39m[0m[92mUpdate: [39m[0m[94mpipeline.0000.T7.T7.31 state: SCHEDULED
[39m[0m[92mUpdate: [39m[0m[94mpipeline.0000.T7.T7.52 state: SCHEDULED
[39m[0m[92mUpdate: [39m[0m[94mpipeline.0000.T7.T7.73 state: SCHEDULED
[39m[0m[92mUpdate: [39m[0m[94mpipeline.0000.T7.T7.94 state: SCHEDULED
[39m[0m[92mUpdate: [39m[0m[94mpipeline.0000.T7.T7.11 state: SCHEDULED
[39m[0m[92mUpdate: [39m[0m[94mpipeline.0000.T7.T7.32 state: SCHEDULED
[39m[0m[92mUpdate: [39m[0m[94mpipeline.0000.T7.T7.53 state: SCHEDULED
[39m[0m[92mUpdate: [39m[0m[94mpipeline.0000.T7.T7.74 state: SCHEDULED
[39m[0m[92mUpdate: [39m[0m[94mpipeline.0000.T7.T7.95 state: SCHEDULED
[39m[0m[92mUpdate: [39m[0m[94mpipeline.0000.T7.T7.12 state: SCHEDULED
[39m[0m[92mUpdate: [39m[0m[94mpipeline.0000.T7.T7.33 state: SCHEDULED
[39m[0m[92mUpdate: [39m[0m[94mpipeline.0000.T7.T7.54 state: SCHEDULED
[39m[0m[92mUpdate: [39m[0m[94mpipeline.0000.T7.T7.42 state: SUBMITTING
[39m[0m[92mUpdate: [39m[0m[94mpipeline.0000.T7.T7.75 state: SCHEDULED
[39m[0m[92mUpdate: [39m[0m[94mpipeline.0000.T7.T7.13 state: SCHEDULED
[39m[0m[92mUpdate: [39m[0m[94mpipeline.0000.T7.T7.34 state: SCHEDULED
[39m[0m[92mUpdate: [39m[0m[94mpipeline.0000.T7.T7.55 state: SCHEDULED
[39m[0m[92mUpdate: [39m[0m[94mpipeline.0000.T7.T7.76 state: SCHEDULED
[39m[0m[92mUpdate: [39m[0m[94mpipeline.0000.T7.T7.14 state: SCHEDULED
[39m[0m[92mUpdate: [39m[0m[94mpipeline.0000.T7.T7.35 state: SCHEDULED
[39m[0m[92mUpdate: [39m[0m[92mUpdate: [39m[0m[94mpipeline.0000.T7.T7.56 state: SCHEDULED
[39m[0m[94mpipeline.0000.T7.T7.63 state: SUBMITTING
[39m[0m[92mUpdate: [39m[0m[94mpipeline.0000.T7.T7.77 state: SCHEDULED
[39m[0m[92mUpdate: [39m[0m[94mpipeline.0000.T7.T7.15 state: SCHEDULED
[39m[0m[92mUpdate: [39m[0m[94mpipeline.0000.T7.T7.36 state: SCHEDULED
[39m[0m[92mUpdate: [39m[0m[94mpipeline.0000.T7.T7.57 state: SCHEDULED
[39m[0m[92mUpdate: [39m[0m[94mpipeline.0000.T7.T7.78 state: SCHEDULED
[39m[0m[92mUpdate: [39m[0m[94mpipeline.0000.T7.T7.16 state: SCHEDULED
[39m[0m[92mUpdate: [39m[0m[94mpipeline.0000.T7.T7.37 state: SCHEDULED
[39m[0m[92mUpdate: [39m[0m[94mpipeline.0000.T7.T7.58 state: SCHEDULED
[39m[0m[92mUpdate: [39m[0m[94mpipeline.0000.T7.T7.79 state: SCHEDULED
[39m[0m[92mUpdate: [39m[0m[94mpipeline.0000.T7.T7.17 state: SCHEDULED
[39m[0m[92mUpdate: [39m[0m[94mpipeline.0000.T7.T7.38 state: SCHEDULED
[39m[0m[92mUpdate: [39m[0m[94mpipeline.0000.T7.T7.59 state: SCHEDULED
[39m[0m[92mUpdate: [39m[0m[94mpipeline.0000.T7.T7.80 state: SCHEDULED
[39m[0m[92mUpdate: [39m[0m[94mpipeline.0000.T7.T7.20 state: SCHEDULED
[39m[0m[92mUpdate: [39m[0m[94mpipeline.0000.T7.T7.18 state: SCHEDULED
[39m[0m[92mUpdate: [39m[0m[94mpipeline.0000.T7.T7.39 state: SCHEDULED
[39m[0m[92mUpdate: [39m[0m[94mpipeline.0000.T7.T7.60 state: SCHEDULED
[39m[0m[92mUpdate: [39m[0m[94mpipeline.0000.T7.T7.81 state: SCHEDULED
[39m[0m[92mUpdate: [39m[0m[94mpipeline.0000.T7.T7.19 state: SCHEDULED
[39m[0m[92mUpdate: [39m[0m[94mpipeline.0000.T7.T7.40 state: SCHEDULED
[39m[0m[92mUpdate: [39m[0m[94mpipeline.0000.T7.T7.61 state: SCHEDULED
[39m[0m[92mUpdate: [39m[0m[94mpipeline.0000.T7.T7.82 state: SCHEDULED
[39m[0m[92mUpdate: [39m[0m[94mpipeline.0000.T7.T7.0 state: SCHEDULED
[39m[0m[92mUpdate: [39m[0m[94mpipeline.0000.T7.T7.62 state: SCHEDULED
[39m[0m[92mUpdate: [39m[0m[94mpipeline.0000.T7 state: SCHEDULED
[39m[0m[92mUpdate: [39m[0m[94mpipeline.0000.T7.T7.84 state: SUBMITTING
[39m[0m[92mUpdate: [39m[0m[94mpipeline.0000.T7.T7.1 state: SUBMITTING
[39m[0m[92mUpdate: [39m[0m[94mpipeline.0000.T7.T7.22 state: SUBMITTING
[39m[0m[92mUpdate: [39m[0m[94mpipeline.0000.T7.T7.43 state: SUBMITTING
[39m[0m[92mUpdate: [39m[0m[94mpipeline.0000.T7.T7.64 state: SUBMITTING
[39m[0m[92mUpdate: [39m[0m[94mpipeline.0000.T7.T7.85 state: SUBMITTING
[39m[0m[92mUpdate: [39m[0m[94mpipeline.0000.T7.T7.2 state: SUBMITTING
[39m[0m[92mUpdate: [39m[0m[94mpipeline.0000.T7.T7.23 state: SUBMITTING
[39m[0msubmit: [39m[0m#[39m[0m#[39m[0m#[39m[0m#[39m[0m#[39m[0m#[39m[0m#[39m[0m#[39m[0m#[39m[0m#[39m[0m#[39m[0m[92mUpdate: [39m[0m[94mpipeline.0000.T7.T7.44 state: SUBMITTING
[39m[0m#[39m[0m#[39m[0m#[39m[0m#[39m[0m#[39m[0m#[39m[0m#[39m[0m#[39m[0m#[39m[0m#[39m[0m#[39m[0m#[39m[0m#[39m[0m#[39m[0m#[39m[0m#[39m[0m#[39m[0m#[39m[0m#[39m[0m#[39m[0m#[39m[0m#[39m[0m#[39m[0m#[39m[0m#[39m[0m#[39m[0m#[39m[0m#[39m[0m#[39m[0m#[39m[0m#[39m[0m#[39m[0m#[39m[0m#[39m[0m#[39m[0m#[39m[0m#[39m[0m#[39m[0m#[39m[0m#[39m[0m#[39m[0m#[39m[0m#[39m[0m#[39m[0m#[39m[0m#[39m[0m#[39m[0m#[39m[0m#[39m[0m#[39m[0m#[39m[0m#[39m[0m#[39m[0m#[39m[0m#[39m[0m#[39m[0m#[39m[0m#[39m[0m#[39m[0m#[39m[0m#[39m[0m
[39m[0m[92mUpdate: [39m[0m[94mpipeline.0000.T7.T7.65 state: SUBMITTING
[39m[0m[92mUpdate: [39m[0m[94mpipeline.0000.T7.T7.86 state: SUBMITTING
[39m[0m[92mUpdate: [39m[0m[94mpipeline.0000.T7.T7.83 state: SUBMITTING
[39m[0m[92mUpdate: [39m[0m[94mpipeline.0000.T7.T7.3 state: SUBMITTING
[39m[0m[92mUpdate: [39m[0m[94mpipeline.0000.T7.T7.24 state: SUBMITTING
[39m[0m[92mUpdate: [39m[0m[94mpipeline.0000.T7.T7.45 state: SUBMITTING
[39m[0m[92mUpdate: [39m[0m[94mpipeline.0000.T7.T7.66 state: SUBMITTING
[39m[0m[92mUpdate: [39m[0m[94mpipeline.0000.T7.T7.87 state: SUBMITTING
[39m[0m[92mUpdate: [39m[0m[94mpipeline.0000.T7.T7.4 state: SUBMITTING
[39m[0m[92mUpdate: [39m[0m[94mpipeline.0000.T7.T7.25 state: SUBMITTING
[39m[0m[92mUpdate: [39m[0m[94mpipeline.0000.T7.T7.46 state: SUBMITTING
[39m[0m[92mUpdate: [39m[0m[94mpipeline.0000.T7.T7.67 state: SUBMITTING
[39m[0m[92mUpdate: [39m[0m[94mpipeline.0000.T7.T7.88 state: SUBMITTING
[39m[0m[92mUpdate: [39m[0m[94mpipeline.0000.T7.T7.5 state: SUBMITTING
[39m[0m[92mUpdate: [39m[0m[94mpipeline.0000.T7.T7.26 state: SUBMITTING
[39m[0m[92mUpdate: [39m[0m[94mpipeline.0000.T7.T7.47 state: SUBMITTING
[39m[0m[92mUpdate: [39m[0m[94mpipeline.0000.T7.T7.68 state: SUBMITTING
[39m[0m[92mUpdate: [39m[0m[94mpipeline.0000.T7.T7.89 state: SUBMITTING
[39m[0m[92mUpdate: [39m[0m[94mpipeline.0000.T7.T7.6 state: SUBMITTING
[39m[0m[92mUpdate: [39m[0m[94mpipeline.0000.T7.T7.41 state: SUBMITTING
[39m[0m[92mUpdate: [39m[0m[94mpipeline.0000.T7.T7.27 state: SUBMITTING
[39m[0m[92mUpdate: [39m[0m[94mpipeline.0000.T7.T7.48 state: SUBMITTING
[39m[0m[92mUpdate: [39m[0m[94mpipeline.0000.T7.T7.69 state: SUBMITTING
[39m[0m[92mUpdate: [39m[0m[94mpipeline.0000.T7.T7.90 state: SUBMITTING
[39m[0m[92mUpdate: [39m[0m[94mpipeline.0000.T7.T7.7 state: SUBMITTING
[39m[0m[92mUpdate: [39m[0m[94mpipeline.0000.T7.T7.28 state: SUBMITTING
[39m[0m[92mUpdate: [39m[0m[94mpipeline.0000.T7.T7.49 state: SUBMITTING
[39m[0m[92mUpdate: [39m[0m[94mpipeline.0000.T7.T7.70 state: SUBMITTING
[39m[0m[92mUpdate: [39m[0m[94mpipeline.0000.T7.T7.91 state: SUBMITTING
[39m[0m[92mUpdate: [39m[0m[94mpipeline.0000.T7.T7.8 state: SUBMITTING
[39m[0m[92mUpdate: [39m[0m[94mpipeline.0000.T7.T7.29 state: SUBMITTING
[39m[0m[92mUpdate: [39m[0m[94mpipeline.0000.T7.T7.50 state: SUBMITTING
[39m[0m[92mUpdate: [39m[0m[94mpipeline.0000.T7.T7.71 state: SUBMITTING
[39m[0m[92mUpdate: [39m[0m[94mpipeline.0000.T7.T7.92 state: SUBMITTING
[39m[0m[92mUpdate: [39m[0m[94mpipeline.0000.T7.T7.9 state: SUBMITTING
[39m[0m[92mUpdate: [39m[0m[94mpipeline.0000.T7.T7.72 state: SUBMITTING
[39m[0m[92mUpdate: [39m[0m[94mpipeline.0000.T7.T7.51 state: SUBMITTING
[39m[0m[92mUpdate: [39m[0m[94mpipeline.0000.T7.T7.30 state: SUBMITTING
[39m[0m[92mUpdate: [39m[0m[94mpipeline.0000.T7.T7.93 state: SUBMITTING
[39m[0m[92mUpdate: [39m[0m[94mpipeline.0000.T7.T7.10 state: SUBMITTING
[39m[0m[92mUpdate: [39m[0m[94mpipeline.0000.T7.T7.31 state: SUBMITTING
[39m[0m[92mUpdate: [39m[0m[94mpipeline.0000.T7.T7.52 state: SUBMITTING
[39m[0m[92mUpdate: [39m[0m[94mpipeline.0000.T7.T7.73 state: SUBMITTING
[39m[0m[92mUpdate: [39m[0m[94mpipeline.0000.T7.T7.94 state: SUBMITTING
[39m[0m[92mUpdate: [39m[0m[94mpipeline.0000.T7.T7.11 state: SUBMITTING
[39m[0m[92mUpdate: [39m[0m[94mpipeline.0000.T7.T7.32 state: SUBMITTING
[39m[0m[92mUpdate: [39m[0m[94mpipeline.0000.T7.T7.53 state: SUBMITTING
[39m[0m[92mUpdate: [39m[0m[94mpipeline.0000.T7.T7.74 state: SUBMITTING
[39m[0m[92mUpdate: [39m[0m[94mpipeline.0000.T7.T7.95 state: SUBMITTING
[39m[0m[92mUpdate: [39m[0m[94mpipeline.0000.T7.T7.12 state: SUBMITTING
[39m[0m[92mUpdate: [39m[0m[94mpipeline.0000.T7.T7.33 state: SUBMITTING
[39m[0m[92mUpdate: [39m[0m[94mpipeline.0000.T7.T7.54 state: SUBMITTING
[39m[0m[92mUpdate: [39m[0m[94mpipeline.0000.T7.T7.75 state: SUBMITTING
[39m[0m[92mUpdate: [39m[0m[94mpipeline.0000.T7.T7.13 state: SUBMITTING
[39m[0m[92mUpdate: [39m[0m[94mpipeline.0000.T7.T7.34 state: SUBMITTING
[39m[0m[92mUpdate: [39m[0m[94mpipeline.0000.T7.T7.55 state: SUBMITTING
[39m[0m[92mUpdate: [39m[0m[94mpipeline.0000.T7.T7.76 state: SUBMITTING
[39m[0m[92mUpdate: [39m[0m[94mpipeline.0000.T7.T7.14 state: SUBMITTING
[39m[0m[92mUpdate: [39m[0m[94mpipeline.0000.T7.T7.35 state: SUBMITTING
[39m[0m[92mUpdate: [39m[0m[94mpipeline.0000.T7.T7.56 state: SUBMITTING
[39m[0m[92mUpdate: [39m[0m[94mpipeline.0000.T7.T7.77 state: SUBMITTING
[39m[0m[92mUpdate: [39m[0m[94mpipeline.0000.T7.T7.15 state: SUBMITTING
[39m[0m[92mUpdate: [39m[0m[94mpipeline.0000.T7.T7.36 state: SUBMITTING
[39m[0m[92mUpdate: [39m[0m[94mpipeline.0000.T7.T7.57 state: SUBMITTING
[39m[0m[92mUpdate: [39m[0m[94mpipeline.0000.T7.T7.78 state: SUBMITTING
[39m[0m[92mUpdate: [39m[0m[94mpipeline.0000.T7.T7.16 state: SUBMITTING
[39m[0m[92mUpdate: [39m[0m[94mpipeline.0000.T7.T7.37 state: SUBMITTING
[39m[0m[92mUpdate: [39m[0m[94mpipeline.0000.T7.T7.58 state: SUBMITTING
[39m[0m[92mUpdate: [39m[0m[94mpipeline.0000.T7.T7.79 state: SUBMITTING
[39m[0m[92mUpdate: [39m[0m[94mpipeline.0000.T7.T7.17 state: SUBMITTING
[39m[0m[92mUpdate: [39m[0m[94mpipeline.0000.T7.T7.38 state: SUBMITTING
[39m[0m[92mUpdate: [39m[0m[94mpipeline.0000.T7.T7.59 state: SUBMITTING
[39m[0m[92mUpdate: [39m[0m[94mpipeline.0000.T7.T7.80 state: SUBMITTING
[39m[0m[92mUpdate: [39m[0m[94mpipeline.0000.T7.T7.20 state: SUBMITTING
[39m[0m[92mUpdate: [39m[0m[94mpipeline.0000.T7.T7.18 state: SUBMITTING
[39m[0m[92mUpdate: [39m[0m[94mpipeline.0000.T7.T7.39 state: SUBMITTING
[39m[0m[92mUpdate: [39m[0m[94mpipeline.0000.T7.T7.60 state: SUBMITTING
[39m[0m[92mUpdate: [39m[0m[94mpipeline.0000.T7.T7.81 state: SUBMITTING
[39m[0m[92mUpdate: [39m[0m[94mpipeline.0000.T7.T7.19 state: SUBMITTING
[39m[0m[92mUpdate: [39m[0m[94mpipeline.0000.T7.T7.40 state: SUBMITTING
[39m[0m[92mUpdate: [39m[0m[94mpipeline.0000.T7.T7.61 state: SUBMITTING
[39m[0m[92mUpdate: [39m[0m[94mpipeline.0000.T7.T7.82 state: SUBMITTING
[39m[0m[92mUpdate: [39m[0m[94mpipeline.0000.T7.T7.0 state: SUBMITTING
[39m[0m[92mUpdate: [39m[0m[94mpipeline.0000.T7.T7.62 state: SUBMITTING
[39m[0m[92mUpdate: [39m[0m[94mpipeline.0000.T7.T7.21 state: EXECUTED
[39m[0m[92mUpdate: [39m[0m[94mpipeline.0000.T7.T7.42 state: EXECUTED
[39m[0m[92mUpdate: [39m[0m[94mpipeline.0000.T7.T7.21 state: DONE
[39m[0m[92mUpdate: [39m[0m[94mpipeline.0000.T7.T7.42 state: DONE
[39m[0m[92mUpdate: [39m[0m[94mpipeline.0000.T7.T7.22 state: EXECUTED
[39m[0m[92mUpdate: [39m[0m[94mpipeline.0000.T7.T7.22 state: DONE
[39m[0m[92mUpdate: [39m[0m[94mpipeline.0000.T7.T7.23 state: EXECUTED
[39m[0m[92mUpdate: [39m[0m[94mpipeline.0000.T7.T7.83 state: EXECUTED
[39m[0m[92mUpdate: [39m[0m[94mpipeline.0000.T7.T7.23 state: DONE
[39m[0m[92mUpdate: [39m[0m[94mpipeline.0000.T7.T7.83 state: DONE
[39m[0m[92mUpdate: [39m[0m[94mpipeline.0000.T7.T7.3 state: EXECUTED
[39m[0m[92mUpdate: [39m[0m[94mpipeline.0000.T7.T7.3 state: DONE
[39m[0m[92mUpdate: [39m[0m[94mpipeline.0000.T7.T7.6 state: DONE
[39m[0m[92mUpdate: [39m[0m[94mpipeline.0000.T7.T7.48 state: EXECUTED
[39m[0m[92mUpdate: [39m[0m[94mpipeline.0000.T7.T7.48 state: DONE
[39m[0m[92mUpdate: [39m[0m[94mpipeline.0000.T7.T7.8 state: DONE
[39m[0m[92mUpdate: [39m[0m[94mpipeline.0000.T7.T7.51 state: DONE
[39m[0m[92mUpdate: [39m[0m[94mpipeline.0000.T7.T7.32 state: DONE
[39m[0m[92mUpdate: [39m[0m[94mpipeline.0000.T7.T7.53 state: DONE
[39m[0m[92mUpdate: [39m[0m[94mpipeline.0000.T7.T7.95 state: DONE
[39m[0m[92mUpdate: [39m[0m[94mpipeline.0000.T7.T7.12 state: DONE
[39m[0m[92mUpdate: [39m[0m[94mpipeline.0000.T7.T7.35 state: EXECUTED
[39m[0m[92mUpdate: [39m[0m[94mpipeline.0000.T7.T7.35 state: DONE
[39m[0m[92mUpdate: [39m[0m[94mpipeline.0000.T7.T7.57 state: EXECUTED
[39m[0m[92mUpdate: [39m[0m[94mpipeline.0000.T7.T7.57 state: DONE
[39m[0m[92mUpdate: [39m[0m[94mpipeline.0000.T7.T7.17 state: DONE
[39m[0m[92mUpdate: [39m[0m[94mpipeline.0000.T7.T7.63 state: DONE
[39m[0m[92mUpdate: [39m[0m[94mpipeline.0000.T7.T7.84 state: DONE
[39m[0m[92mUpdate: [39m[0m[94mpipeline.0000.T7.T7.64 state: DONE
[39m[0m[92mUpdate: [39m[0m[94mpipeline.0000.T7.T7.65 state: DONE
[39m[0m[92mUpdate: [39m[0m[94mpipeline.0000.T7.T7.4 state: DONE
[39m[0m[92mUpdate: [39m[0m[94mpipeline.0000.T7.T7.25 state: DONE
[39m[0m[92mUpdate: [39m[0m[94mpipeline.0000.T7.T7.5 state: DONE
[39m[0m[92mUpdate: [39m[0m[94mpipeline.0000.T7.T7.47 state: DONE
[39m[0m[92mUpdate: [39m[0m[94mpipeline.0000.T7.T7.41 state: DONE
[39m[0m[92mUpdate: [39m[0m[94mpipeline.0000.T7.T7.69 state: DONE
[39m[0m[92mUpdate: [39m[0m[94mpipeline.0000.T7.T7.28 state: DONE
[39m[0m[92mUpdate: [39m[0m[94mpipeline.0000.T7.T7.49 state: DONE
[39m[0m[92mUpdate: [39m[0m[94mpipeline.0000.T7.T7.91 state: DONE
[39m[0m[92mUpdate: [39m[0m[94mpipeline.0000.T7.T7.71 state: DONE
[39m[0m[92mUpdate: [39m[0m[94mpipeline.0000.T7.T7.92 state: DONE
[39m[0m[92mUpdate: [39m[0m[94mpipeline.0000.T7.T7.72 state: DONE
[39m[0m[92mUpdate: [39m[0m[94mpipeline.0000.T7.T7.93 state: DONE
[39m[0m[92mUpdate: [39m[0m[94mpipeline.0000.T7.T7.10 state: DONE
[39m[0m[92mUpdate: [39m[0m[94mpipeline.0000.T7.T7.73 state: DONE
[39m[0m[92mUpdate: [39m[0m[94mpipeline.0000.T7.T7.11 state: DONE
[39m[0m[92mUpdate: [39m[0m[94mpipeline.0000.T7.T7.54 state: EXECUTED
[39m[0m[92mUpdate: [39m[0m[94mpipeline.0000.T7.T7.54 state: DONE
[39m[0m[92mUpdate: [39m[0m[94mpipeline.0000.T7.T7.55 state: DONE
[39m[0m[92mUpdate: [39m[0m[94mpipeline.0000.T7.T7.76 state: DONE
[39m[0m[92mUpdate: [39m[0m[94mpipeline.0000.T7.T7.56 state: DONE
[39m[0m[92mUpdate: [39m[0m[94mpipeline.0000.T7.T7.77 state: DONE
[39m[0m[92mUpdate: [39m[0m[94mpipeline.0000.T7.T7.15 state: EXECUTED
[39m[0m[92mUpdate: [39m[0m[94mpipeline.0000.T7.T7.15 state: DONE
[39m[0m[92mUpdate: [39m[0m[94mpipeline.0000.T7.T7.36 state: DONE
[39m[0m[92mUpdate: [39m[0m[94mpipeline.0000.T7.T7.58 state: EXECUTED
[39m[0m[92mUpdate: [39m[0m[94mpipeline.0000.T7.T7.58 state: DONE
[39m[0m[92mUpdate: [39m[0m[94mpipeline.0000.T7.T7.38 state: DONE
[39m[0m[92mUpdate: [39m[0m[94mpipeline.0000.T7.T7.59 state: EXECUTED
[39m[0m[92mUpdate: [39m[0m[94mpipeline.0000.T7.T7.59 state: DONE
[39m[0m[92mUpdate: [39m[0m[94mpipeline.0000.T7.T7.40 state: DONE
[39m[0m[92mUpdate: [39m[0m[94mpipeline.0000.T7.T7.82 state: EXECUTED
[39m[0m[92mUpdate: [39m[0m[94mpipeline.0000.T7.T7.82 state: DONE
[39m[0m[92mUpdate: [39m[0m[94mpipeline.0000.T7.T7.0 state: EXECUTED
[39m[0m[92mUpdate: [39m[0m[94mpipeline.0000.T7.T7.0 state: DONE
[39m[0m[92mUpdate: [39m[0m[94mpipeline.0000.T7.T7.1 state: DONE
[39m[0m[92mUpdate: [39m[0m[94mpipeline.0000.T7.T7.43 state: DONE
[39m[0m[92mUpdate: [39m[0m[94mpipeline.0000.T7.T7.85 state: EXECUTED
[39m[0m[92mUpdate: [39m[0m[94mpipeline.0000.T7.T7.85 state: DONE
[39m[0m[92mUpdate: [39m[0m[94mpipeline.0000.T7.T7.2 state: EXECUTED
[39m[0m[92mUpdate: [39m[0m[94mpipeline.0000.T7.T7.2 state: DONE
[39m[0m[92mUpdate: [39m[0m[94mpipeline.0000.T7.T7.24 state: EXECUTED
[39m[0m[92mUpdate: [39m[0m[94mpipeline.0000.T7.T7.24 state: DONE
[39m[0m[92mUpdate: [39m[0m[94mpipeline.0000.T7.T7.45 state: DONE
[39m[0m[92mUpdate: [39m[0m[94mpipeline.0000.T7.T7.66 state: DONE
[39m[0m[92mUpdate: [39m[0m[94mpipeline.0000.T7.T7.46 state: DONE
[39m[0m[92mUpdate: [39m[0m[94mpipeline.0000.T7.T7.67 state: EXECUTED
[39m[0m[92mUpdate: [39m[0m[94mpipeline.0000.T7.T7.67 state: DONE
[39m[0m[92mUpdate: [39m[0m[94mpipeline.0000.T7.T7.88 state: DONE
[39m[0m[92mUpdate: [39m[0m[94mpipeline.0000.T7.T7.26 state: DONE
[39m[0m[92mUpdate: [39m[0m[94mpipeline.0000.T7.T7.68 state: DONE
[39m[0m[92mUpdate: [39m[0m[94mpipeline.0000.T7.T7.89 state: DONE
[39m[0m[92mUpdate: [39m[0m[94mpipeline.0000.T7.T7.27 state: DONE
[39m[0m[92mUpdate: [39m[0m[94mpipeline.0000.T7.T7.90 state: DONE
[39m[0m[92mUpdate: [39m[0m[94mpipeline.0000.T7.T7.70 state: DONE
[39m[0m[92mUpdate: [39m[0m[94mpipeline.0000.T7.T7.9 state: DONE
[39m[0m[92mUpdate: [39m[0m[94mpipeline.0000.T7.T7.30 state: DONE
[39m[0m[92mUpdate: [39m[0m[94mpipeline.0000.T7.T7.52 state: DONE
[39m[0m[92mUpdate: [39m[0m[94mpipeline.0000.T7.T7.33 state: EXECUTED
[39m[0m[92mUpdate: [39m[0m[94mpipeline.0000.T7.T7.33 state: DONE
[39m[0m[92mUpdate: [39m[0m[94mpipeline.0000.T7.T7.75 state: DONE
[39m[0m[92mUpdate: [39m[0m[94mpipeline.0000.T7.T7.13 state: DONE
[39m[0m[92mUpdate: [39m[0m[94mpipeline.0000.T7.T7.34 state: DONE
[39m[0m[92mUpdate: [39m[0m[94mpipeline.0000.T7.T7.14 state: DONE
[39m[0m[92mUpdate: [39m[0m[94mpipeline.0000.T7.T7.78 state: DONE
[39m[0m[92mUpdate: [39m[0m[94mpipeline.0000.T7.T7.80 state: DONE
[39m[0m[92mUpdate: [39m[0m[94mpipeline.0000.T7.T7.20 state: DONE
[39m[0m[92mUpdate: [39m[0m[94mpipeline.0000.T7.T7.18 state: DONE
[39m[0m[92mUpdate: [39m[0m[94mpipeline.0000.T7.T7.39 state: DONE
[39m[0m[92mUpdate: [39m[0m[94mpipeline.0000.T7.T7.81 state: EXECUTED
[39m[0m[92mUpdate: [39m[0m[94mpipeline.0000.T7.T7.81 state: DONE
[39m[0m[92mUpdate: [39m[0m[94mpipeline.0000.T7.T7.19 state: EXECUTED
[39m[0m[92mUpdate: [39m[0m[94mpipeline.0000.T7.T7.19 state: DONE
[39m[0m[92mUpdate: [39m[0m[94mpipeline.0000.T7.T7.61 state: EXECUTED
[39m[0m[92mUpdate: [39m[0m[94mpipeline.0000.T7.T7.61 state: DONE
[39m[0m[92mUpdate: [39m[0m[94mpipeline.0000.T7.T7.44 state: EXECUTED
[39m[0m[92mUpdate: [39m[0m[94mpipeline.0000.T7.T7.44 state: DONE
[39m[0m[92mUpdate: [39m[0m[94mpipeline.0000.T7.T7.86 state: EXECUTED
[39m[0m[92mUpdate: [39m[0m[94mpipeline.0000.T7.T7.87 state: EXECUTED
[39m[0m[92mUpdate: [39m[0m[94mpipeline.0000.T7.T7.86 state: DONE
[39m[0m[92mUpdate: [39m[0m[94mpipeline.0000.T7.T7.7 state: EXECUTED
[39m[0m[92mUpdate: [39m[0m[94mpipeline.0000.T7.T7.87 state: DONE
[39m[0m[92mUpdate: [39m[0m[94mpipeline.0000.T7.T7.7 state: DONE
[39m[0m[92mUpdate: [39m[0m[94mpipeline.0000.T7.T7.29 state: EXECUTED
[39m[0m[92mUpdate: [39m[0m[94mpipeline.0000.T7.T7.29 state: DONE
[39m[0m[92mUpdate: [39m[0m[94mpipeline.0000.T7.T7.31 state: EXECUTED
[39m[0m[92mUpdate: [39m[0m[94mpipeline.0000.T7.T7.31 state: DONE
[39m[0m[92mUpdate: [39m[0m[94mpipeline.0000.T7.T7.94 state: DONE
[39m[0m[92mUpdate: [39m[0m[94mpipeline.0000.T7.T7.74 state: DONE
[39m[0m[92mUpdate: [39m[0m[94mpipeline.0000.T7.T7.37 state: DONE
[39m[0m[92mUpdate: [39m[0m[94mpipeline.0000.T7.T7.79 state: DONE
[39m[0m[92mUpdate: [39m[0m[94mpipeline.0000.T7.T7.60 state: DONE
[39m[0m[92mUpdate: [39m[0m[94mpipeline.0000.T7.T7.50 state: EXECUTED
[39m[0m[92mUpdate: [39m[0m[94mpipeline.0000.T7.T7.16 state: EXECUTED
[39m[0m[92mUpdate: [39m[0m[94mpipeline.0000.T7.T7.50 state: DONE
[39m[0m[92mUpdate: [39m[0m[94mpipeline.0000.T7.T7.16 state: DONE
[39m[0m[92mUpdate: [39m[0m[94mpipeline.0000.T7.T7.62 state: DONE
[39m[0m[92mUpdate: [39m[0m[94mpipeline.0000.T7 state: DONE
[39m[0m[92mUpdate: [39m[0m[94mpipeline.0000 state: DONE
[39m[0m[94mclose task manager[39m[0m[92m                                                            ok
[39m[0m[94mwait for 1 pilot(s)
        [39m[0mO[39m[0m/[39m[0m-[39m[0m\[39m[0m|[39m[0m/[39m[0m-[39m[0m\[39m[0m|[39m[0m/[39m[0m-[39m[0m      0[39m[0m[92m                                                               ok
[39m[0m[94mclosing session re.session.login3.pascuzzi.019220.0000[39m[0m[94m                         \
close pilot manager[39m[0m[94m                                                            \
wait for 1 pilot(s)
        [39m[0mO[39m[0m/[39m[0m      0[39m[0m[92m                                                               ok
[39m[0m[92m                                                                              ok
[39m[0m[92m+ re.session.login3.pascuzzi.019220.0000 (json)
[39m[0m[92m+ pilot.0000 (profiles)
[39m[0m[92m+ pilot.0000 (logfiles)
[39m[0m[94msession lifetime: 13349.5s[39m[0m[92m                                                    ok
[39m[0m[94mAll components terminated
[39m[0m